<?xml version="1.0" encoding="UTF-8"?>
<!-- Generated by org.testng.reporters.JUnitXMLReporter -->
<testsuite ignored="15" hostname="EPUAODEW00BA" failures="4" tests="12" name="Exponentiation" time="0.029" errors="0" timestamp="2022-09-26T12:36:27 EEST">
  <testcase classname="com.epam.calculator.tests.PowTest" name="powerTest" time="0.001"/>
  <testcase classname="com.epam.calculator.tests.PowTest" name="powerTest" time="0.001"/>
  <testcase classname="com.epam.calculator.tests.PowTest" name="powerTest" time="0.001"/>
  <testcase classname="com.epam.calculator.tests.PowTest" name="powerTest" time="0.001"/>
  <testcase classname="com.epam.calculator.tests.PowTest" name="powerTest" time="0.001"/>
  <testcase classname="com.epam.calculator.tests.PowTest" name="powerTest" time="0.001"/>
  <testcase classname="com.epam.calculator.tests.PowTest" name="powerTest" time="0.001"/>
  <testcase classname="com.epam.calculator.tests.PowTest" name="powerTest" time="0.001"/>
  <testcase classname="com.epam.calculator.tests.PowTest" name="powerTest" time="0.001">
    <failure type="java.lang.AssertionError" message="Base was 3.3, exponent was 3.5; did not expect to find [65.28280246512092] but found [35.937]">
      <![CDATA[java.lang.AssertionError: Base was 3.3, exponent was 3.5; did not expect to find [65.28280246512092] but found [35.937]
at com.epam.calculator.tests.PowTest.powerTest(PowTest.java:11)
at java.base/java.util.concurrent.ThreadPoolExecutor.runWorker(ThreadPoolExecutor.java:1136)
at java.base/java.util.concurrent.ThreadPoolExecutor$Worker.run(ThreadPoolExecutor.java:635)
at java.base/java.lang.Thread.run(Thread.java:833)
... Removed 15 stack frames]]>
    </failure>
  </testcase> <!-- powerTest -->
  <testcase classname="com.epam.calculator.tests.PowTest" name="powerTest" time="0.002">
    <failure type="java.lang.AssertionError" message="Base was -3.3, exponent was 3.5; did not expect to find [NaN] but found [-35.937]">
      <![CDATA[java.lang.AssertionError: Base was -3.3, exponent was 3.5; did not expect to find [NaN] but found [-35.937]
at com.epam.calculator.tests.PowTest.powerTest(PowTest.java:11)
at java.base/java.util.concurrent.ThreadPoolExecutor.runWorker(ThreadPoolExecutor.java:1136)
at java.base/java.util.concurrent.ThreadPoolExecutor$Worker.run(ThreadPoolExecutor.java:635)
at java.base/java.lang.Thread.run(Thread.java:833)
... Removed 15 stack frames]]>
    </failure>
  </testcase> <!-- powerTest -->
  <testcase classname="com.epam.calculator.tests.PowTest" name="powerTest" time="0.001">
    <failure type="java.lang.AssertionError" message="Base was 3.3, exponent was -3.5; did not expect to find [0.015317969851773392] but found [0.008432264881050257]">
      <![CDATA[java.lang.AssertionError: Base was 3.3, exponent was -3.5; did not expect to find [0.015317969851773392] but found [0.008432264881050257]
at com.epam.calculator.tests.PowTest.powerTest(PowTest.java:11)
at java.base/java.util.concurrent.ThreadPoolExecutor.runWorker(ThreadPoolExecutor.java:1136)
at java.base/java.util.concurrent.ThreadPoolExecutor$Worker.run(ThreadPoolExecutor.java:635)
at java.base/java.lang.Thread.run(Thread.java:833)
... Removed 15 stack frames]]>
    </failure>
  </testcase> <!-- powerTest -->
  <testcase classname="com.epam.calculator.tests.PowTest" name="powerTest" time="0.001">
    <failure type="java.lang.AssertionError" message="Base was -3.3, exponent was -3.5; did not expect to find [NaN] but found [0.008432264881050257]">
      <![CDATA[java.lang.AssertionError: Base was -3.3, exponent was -3.5; did not expect to find [NaN] but found [0.008432264881050257]
at com.epam.calculator.tests.PowTest.powerTest(PowTest.java:11)
at java.base/java.util.concurrent.ThreadPoolExecutor.runWorker(ThreadPoolExecutor.java:1136)
at java.base/java.util.concurrent.ThreadPoolExecutor$Worker.run(ThreadPoolExecutor.java:635)
at java.base/java.lang.Thread.run(Thread.java:833)
... Removed 15 stack frames]]>
    </failure>
  </testcase> <!-- powerTest -->
  <testcase classname="com.epam.calculator.tests.TgTest" name="tangentTest" time="0.0">
    <ignored/>
  </testcase> <!-- tangentTest -->
  <testcase classname="com.epam.calculator.tests.SumWithLongTest" name="sumWithDoubleTest" time="0.0">
    <ignored/>
  </testcase> <!-- sumWithDoubleTest -->
  <testcase classname="com.epam.calculator.tests.IsNegativeTest" name="isNegativeTest" time="0.0">
    <ignored/>
  </testcase> <!-- isNegativeTest -->
  <testcase classname="com.epam.calculator.tests.SinTest" name="cosinusTest" time="0.0">
    <ignored/>
  </testcase> <!-- cosinusTest -->
  <testcase classname="com.epam.calculator.tests.SqrtTest" name="squareRootTest" time="0.0">
    <ignored/>
  </testcase> <!-- squareRootTest -->
  <testcase classname="com.epam.calculator.tests.SubWithLongTest" name="subWithDoubleTest" time="0.0">
    <ignored/>
  </testcase> <!-- subWithDoubleTest -->
  <testcase classname="com.epam.calculator.tests.CosTest" name="cosinusTest" time="0.0">
    <ignored/>
  </testcase> <!-- cosinusTest -->
  <testcase classname="com.epam.calculator.tests.MultWithDoubleTest" name="multWithDoubleTest" time="0.0">
    <ignored/>
  </testcase> <!-- multWithDoubleTest -->
  <testcase classname="com.epam.calculator.tests.SubWithDoubleTest" name="subWithDoubleTest" time="0.0">
    <ignored/>
  </testcase> <!-- subWithDoubleTest -->
  <testcase classname="com.epam.calculator.tests.DivWithDoubleTest" name="divWithDoubleTest" time="0.0">
    <ignored/>
  </testcase> <!-- divWithDoubleTest -->
  <testcase classname="com.epam.calculator.tests.IsPositiveTest" name="isPositiveTest" time="0.0">
    <ignored/>
  </testcase> <!-- isPositiveTest -->
  <testcase classname="com.epam.calculator.tests.CtgTest" name="cotangentTest" time="0.0">
    <ignored/>
  </testcase> <!-- cotangentTest -->
  <testcase classname="com.epam.calculator.tests.DivWithLongTest" name="divWithLongTest" time="0.0">
    <ignored/>
  </testcase> <!-- divWithLongTest -->
  <testcase classname="com.epam.calculator.tests.MultWithLongTest" name="multWithLongTest" time="0.0">
    <ignored/>
  </testcase> <!-- multWithLongTest -->
  <testcase classname="com.epam.calculator.tests.SumWithDoubleTest" name="sumWithDoubleTest" time="0.0">
    <ignored/>
  </testcase> <!-- sumWithDoubleTest -->
</testsuite> <!-- Exponentiation -->
