<html>
<head>
<title>TestNG:  Trigonometric Functions</title>
<link href="../testng.css" rel="stylesheet" type="text/css" />
<link href="../my-testng.css" rel="stylesheet" type="text/css" />

<style type="text/css">
.log { display: none;} 
.stack-trace { display: none;} 
</style>
<script type="text/javascript">
<!--
function flip(e) {
  current = e.style.display;
  if (current == 'block') {
    e.style.display = 'none';
    return 0;
  }
  else {
    e.style.display = 'block';
    return 1;
  }
}

function toggleBox(szDivId, elem, msg1, msg2)
{
  var res = -1;  if (document.getElementById) {
    res = flip(document.getElementById(szDivId));
  }
  else if (document.all) {
    // this is the way old msie versions work
    res = flip(document.all[szDivId]);
  }
  if(elem) {
    if(res == 0) elem.innerHTML = msg1; else elem.innerHTML = msg2;
  }

}

function toggleAllBoxes() {
  if (document.getElementsByTagName) {
    d = document.getElementsByTagName('div');
    for (i = 0; i < d.length; i++) {
      if (d[i].className == 'log') {
        flip(d[i]);
      }
    }
  }
}

// -->
</script>

</head>
<body>
<h2 align='center'>Trigonometric Functions</h2><table border='1' align="center">
<tr>
<td>Tests passed/Failed/Skipped:</td><td>7/18/0</td>
</tr><tr>
<td>Started on:</td><td>Mon Sep 26 12:36:27 EEST 2022</td>
</tr>
<tr><td>Total time:</td><td>0 seconds (26 ms)</td>
</tr><tr>
<td>Included groups:</td><td>Base Test Trigonometric Functions </td>
</tr><tr>
<td>Excluded groups:</td><td></td>
</tr>
</table><p/>
<small><i>(Hover the method name to see the test class name)</i></small><p/>
<table width='100%' border='1' class='invocation-failed'>
<tr><td colspan='4' align='center'><b>FAILED TESTS</b></td></tr>
<tr><td><b>Test method</b></td>
<td width="30%"><b>Exception</b></td>
<td width="10%"><b>Time (seconds)</b></td>
<td><b>Instance</b></td>
</tr>
<tr>
<td title='com.epam.calculator.tests.CosTest.cosinusTest()'><b>cosinusTest</b><br>Test class: com.epam.calculator.tests.CosTest<br>Parameters: 0, 1</td>
<td><div><pre>java.lang.AssertionError: Number to evaluate was 0.0; did not expect to find [1.0] but found [0.0]
	at com.epam.calculator.tests.CosTest.cosinusTest(CosTest.java:11)
	at java.base/java.util.concurrent.ThreadPoolExecutor.runWorker(ThreadPoolExecutor.java:1136)
	at java.base/java.util.concurrent.ThreadPoolExecutor$Worker.run(ThreadPoolExecutor.java:635)
	at java.base/java.lang.Thread.run(Thread.java:833)
... Removed 15 stack frames</pre></div><a href='#' onClick='toggleBox("stack-trace802247733", this, "Click to show all stack frames", "Click to hide stack frames")'>Click to show all stack frames</a>
<div class='stack-trace' id='stack-trace802247733'><pre>java.lang.AssertionError: Number to evaluate was 0.0; did not expect to find [1.0] but found [0.0]
	at org.testng.Assert.fail(Assert.java:97)
	at org.testng.Assert.failNotEquals(Assert.java:969)
	at org.testng.Assert.assertEquals(Assert.java:640)
	at com.epam.calculator.tests.CosTest.cosinusTest(CosTest.java:11)
	at java.base/jdk.internal.reflect.NativeMethodAccessorImpl.invoke0(Native Method)
	at java.base/jdk.internal.reflect.NativeMethodAccessorImpl.invoke(NativeMethodAccessorImpl.java:77)
	at java.base/jdk.internal.reflect.DelegatingMethodAccessorImpl.invoke(DelegatingMethodAccessorImpl.java:43)
	at java.base/java.lang.reflect.Method.invoke(Method.java:568)
	at org.testng.internal.MethodInvocationHelper.invokeMethod(MethodInvocationHelper.java:133)
	at org.testng.internal.TestInvoker.invokeMethod(TestInvoker.java:584)
	at org.testng.internal.TestInvoker.invokeTestMethod(TestInvoker.java:172)
	at org.testng.internal.MethodRunner.runInSequence(MethodRunner.java:46)
	at org.testng.internal.TestInvoker$MethodInvocationAgent.invoke(TestInvoker.java:804)
	at org.testng.internal.TestInvoker.invokeTestMethods(TestInvoker.java:145)
	at org.testng.internal.TestMethodWorker.invokeTestMethods(TestMethodWorker.java:146)
	at org.testng.internal.TestMethodWorker.run(TestMethodWorker.java:128)
	at java.base/java.util.concurrent.ThreadPoolExecutor.runWorker(ThreadPoolExecutor.java:1136)
	at java.base/java.util.concurrent.ThreadPoolExecutor$Worker.run(ThreadPoolExecutor.java:635)
	at java.base/java.lang.Thread.run(Thread.java:833)
</pre></div></td>
<td>0</td>
<td>com.epam.calculator.tests.CosTest@1bb266b3</td></tr>
<tr>
<td title='com.epam.calculator.tests.CosTest.cosinusTest()'><b>cosinusTest</b><br>Test class: com.epam.calculator.tests.CosTest<br>Parameters: 3.141592653589793, -1</td>
<td><div><pre>java.lang.AssertionError: Number to evaluate was 3.141592653589793; did not expect to find [-1.0] but found [1.2246467991473532E-16]
	at com.epam.calculator.tests.CosTest.cosinusTest(CosTest.java:11)
	at java.base/java.util.concurrent.ThreadPoolExecutor.runWorker(ThreadPoolExecutor.java:1136)
	at java.base/java.util.concurrent.ThreadPoolExecutor$Worker.run(ThreadPoolExecutor.java:635)
	at java.base/java.lang.Thread.run(Thread.java:833)
... Removed 15 stack frames</pre></div><a href='#' onClick='toggleBox("stack-trace698946170", this, "Click to show all stack frames", "Click to hide stack frames")'>Click to show all stack frames</a>
<div class='stack-trace' id='stack-trace698946170'><pre>java.lang.AssertionError: Number to evaluate was 3.141592653589793; did not expect to find [-1.0] but found [1.2246467991473532E-16]
	at org.testng.Assert.fail(Assert.java:97)
	at org.testng.Assert.failNotEquals(Assert.java:969)
	at org.testng.Assert.assertEquals(Assert.java:640)
	at com.epam.calculator.tests.CosTest.cosinusTest(CosTest.java:11)
	at java.base/jdk.internal.reflect.NativeMethodAccessorImpl.invoke0(Native Method)
	at java.base/jdk.internal.reflect.NativeMethodAccessorImpl.invoke(NativeMethodAccessorImpl.java:77)
	at java.base/jdk.internal.reflect.DelegatingMethodAccessorImpl.invoke(DelegatingMethodAccessorImpl.java:43)
	at java.base/java.lang.reflect.Method.invoke(Method.java:568)
	at org.testng.internal.MethodInvocationHelper.invokeMethod(MethodInvocationHelper.java:133)
	at org.testng.internal.TestInvoker.invokeMethod(TestInvoker.java:584)
	at org.testng.internal.TestInvoker.invokeTestMethod(TestInvoker.java:172)
	at org.testng.internal.MethodRunner.runInSequence(MethodRunner.java:46)
	at org.testng.internal.TestInvoker$MethodInvocationAgent.invoke(TestInvoker.java:804)
	at org.testng.internal.TestInvoker.invokeTestMethods(TestInvoker.java:145)
	at org.testng.internal.TestMethodWorker.invokeTestMethods(TestMethodWorker.java:146)
	at org.testng.internal.TestMethodWorker.run(TestMethodWorker.java:128)
	at java.base/java.util.concurrent.ThreadPoolExecutor.runWorker(ThreadPoolExecutor.java:1136)
	at java.base/java.util.concurrent.ThreadPoolExecutor$Worker.run(ThreadPoolExecutor.java:635)
	at java.base/java.lang.Thread.run(Thread.java:833)
</pre></div></td>
<td>0</td>
<td>com.epam.calculator.tests.CosTest@1bb266b3</td></tr>
<tr>
<td title='com.epam.calculator.tests.CosTest.cosinusTest()'><b>cosinusTest</b><br>Test class: com.epam.calculator.tests.CosTest<br>Parameters: 359, 0.6536208072447929</td>
<td><div><pre>java.lang.AssertionError: Number to evaluate was 359.0; did not expect to find [0.6536208072447929] but found [0.7568221986283603]
	at com.epam.calculator.tests.CosTest.cosinusTest(CosTest.java:11)
	at java.base/java.util.concurrent.ThreadPoolExecutor.runWorker(ThreadPoolExecutor.java:1136)
	at java.base/java.util.concurrent.ThreadPoolExecutor$Worker.run(ThreadPoolExecutor.java:635)
	at java.base/java.lang.Thread.run(Thread.java:833)
... Removed 15 stack frames</pre></div><a href='#' onClick='toggleBox("stack-trace1279012429", this, "Click to show all stack frames", "Click to hide stack frames")'>Click to show all stack frames</a>
<div class='stack-trace' id='stack-trace1279012429'><pre>java.lang.AssertionError: Number to evaluate was 359.0; did not expect to find [0.6536208072447929] but found [0.7568221986283603]
	at org.testng.Assert.fail(Assert.java:97)
	at org.testng.Assert.failNotEquals(Assert.java:969)
	at org.testng.Assert.assertEquals(Assert.java:640)
	at com.epam.calculator.tests.CosTest.cosinusTest(CosTest.java:11)
	at java.base/jdk.internal.reflect.NativeMethodAccessorImpl.invoke0(Native Method)
	at java.base/jdk.internal.reflect.NativeMethodAccessorImpl.invoke(NativeMethodAccessorImpl.java:77)
	at java.base/jdk.internal.reflect.DelegatingMethodAccessorImpl.invoke(DelegatingMethodAccessorImpl.java:43)
	at java.base/java.lang.reflect.Method.invoke(Method.java:568)
	at org.testng.internal.MethodInvocationHelper.invokeMethod(MethodInvocationHelper.java:133)
	at org.testng.internal.TestInvoker.invokeMethod(TestInvoker.java:584)
	at org.testng.internal.TestInvoker.invokeTestMethod(TestInvoker.java:172)
	at org.testng.internal.MethodRunner.runInSequence(MethodRunner.java:46)
	at org.testng.internal.TestInvoker$MethodInvocationAgent.invoke(TestInvoker.java:804)
	at org.testng.internal.TestInvoker.invokeTestMethods(TestInvoker.java:145)
	at org.testng.internal.TestMethodWorker.invokeTestMethods(TestMethodWorker.java:146)
	at org.testng.internal.TestMethodWorker.run(TestMethodWorker.java:128)
	at java.base/java.util.concurrent.ThreadPoolExecutor.runWorker(ThreadPoolExecutor.java:1136)
	at java.base/java.util.concurrent.ThreadPoolExecutor$Worker.run(ThreadPoolExecutor.java:635)
	at java.base/java.lang.Thread.run(Thread.java:833)
</pre></div></td>
<td>0</td>
<td>com.epam.calculator.tests.CosTest@1bb266b3</td></tr>
<tr>
<td title='com.epam.calculator.tests.CosTest.cosinusTest()'><b>cosinusTest</b><br>Test class: com.epam.calculator.tests.CosTest<br>Parameters: 180, -0.5984600690578581</td>
<td><div><pre>java.lang.AssertionError: Number to evaluate was 180.0; did not expect to find [-0.5984600690578581] but found [-0.8011526357338304]
	at com.epam.calculator.tests.CosTest.cosinusTest(CosTest.java:11)
	at java.base/java.util.concurrent.ThreadPoolExecutor.runWorker(ThreadPoolExecutor.java:1136)
	at java.base/java.util.concurrent.ThreadPoolExecutor$Worker.run(ThreadPoolExecutor.java:635)
	at java.base/java.lang.Thread.run(Thread.java:833)
... Removed 15 stack frames</pre></div><a href='#' onClick='toggleBox("stack-trace360402300", this, "Click to show all stack frames", "Click to hide stack frames")'>Click to show all stack frames</a>
<div class='stack-trace' id='stack-trace360402300'><pre>java.lang.AssertionError: Number to evaluate was 180.0; did not expect to find [-0.5984600690578581] but found [-0.8011526357338304]
	at org.testng.Assert.fail(Assert.java:97)
	at org.testng.Assert.failNotEquals(Assert.java:969)
	at org.testng.Assert.assertEquals(Assert.java:640)
	at com.epam.calculator.tests.CosTest.cosinusTest(CosTest.java:11)
	at java.base/jdk.internal.reflect.NativeMethodAccessorImpl.invoke0(Native Method)
	at java.base/jdk.internal.reflect.NativeMethodAccessorImpl.invoke(NativeMethodAccessorImpl.java:77)
	at java.base/jdk.internal.reflect.DelegatingMethodAccessorImpl.invoke(DelegatingMethodAccessorImpl.java:43)
	at java.base/java.lang.reflect.Method.invoke(Method.java:568)
	at org.testng.internal.MethodInvocationHelper.invokeMethod(MethodInvocationHelper.java:133)
	at org.testng.internal.TestInvoker.invokeMethod(TestInvoker.java:584)
	at org.testng.internal.TestInvoker.invokeTestMethod(TestInvoker.java:172)
	at org.testng.internal.MethodRunner.runInSequence(MethodRunner.java:46)
	at org.testng.internal.TestInvoker$MethodInvocationAgent.invoke(TestInvoker.java:804)
	at org.testng.internal.TestInvoker.invokeTestMethods(TestInvoker.java:145)
	at org.testng.internal.TestMethodWorker.invokeTestMethods(TestMethodWorker.java:146)
	at org.testng.internal.TestMethodWorker.run(TestMethodWorker.java:128)
	at java.base/java.util.concurrent.ThreadPoolExecutor.runWorker(ThreadPoolExecutor.java:1136)
	at java.base/java.util.concurrent.ThreadPoolExecutor$Worker.run(ThreadPoolExecutor.java:635)
	at java.base/java.lang.Thread.run(Thread.java:833)
</pre></div></td>
<td>0</td>
<td>com.epam.calculator.tests.CosTest@1bb266b3</td></tr>
<tr>
<td title='com.epam.calculator.tests.CosTest.cosinusTest()'><b>cosinusTest</b><br>Test class: com.epam.calculator.tests.CosTest<br>Parameters: 100, 0.8623188722876839</td>
<td><div><pre>java.lang.AssertionError: Number to evaluate was 100.0; did not expect to find [0.8623188722876839] but found [-0.5063656411097588]
	at com.epam.calculator.tests.CosTest.cosinusTest(CosTest.java:11)
	at java.base/java.util.concurrent.ThreadPoolExecutor.runWorker(ThreadPoolExecutor.java:1136)
	at java.base/java.util.concurrent.ThreadPoolExecutor$Worker.run(ThreadPoolExecutor.java:635)
	at java.base/java.lang.Thread.run(Thread.java:833)
... Removed 15 stack frames</pre></div><a href='#' onClick='toggleBox("stack-trace344518590", this, "Click to show all stack frames", "Click to hide stack frames")'>Click to show all stack frames</a>
<div class='stack-trace' id='stack-trace344518590'><pre>java.lang.AssertionError: Number to evaluate was 100.0; did not expect to find [0.8623188722876839] but found [-0.5063656411097588]
	at org.testng.Assert.fail(Assert.java:97)
	at org.testng.Assert.failNotEquals(Assert.java:969)
	at org.testng.Assert.assertEquals(Assert.java:640)
	at com.epam.calculator.tests.CosTest.cosinusTest(CosTest.java:11)
	at java.base/jdk.internal.reflect.NativeMethodAccessorImpl.invoke0(Native Method)
	at java.base/jdk.internal.reflect.NativeMethodAccessorImpl.invoke(NativeMethodAccessorImpl.java:77)
	at java.base/jdk.internal.reflect.DelegatingMethodAccessorImpl.invoke(DelegatingMethodAccessorImpl.java:43)
	at java.base/java.lang.reflect.Method.invoke(Method.java:568)
	at org.testng.internal.MethodInvocationHelper.invokeMethod(MethodInvocationHelper.java:133)
	at org.testng.internal.TestInvoker.invokeMethod(TestInvoker.java:584)
	at org.testng.internal.TestInvoker.invokeTestMethod(TestInvoker.java:172)
	at org.testng.internal.MethodRunner.runInSequence(MethodRunner.java:46)
	at org.testng.internal.TestInvoker$MethodInvocationAgent.invoke(TestInvoker.java:804)
	at org.testng.internal.TestInvoker.invokeTestMethods(TestInvoker.java:145)
	at org.testng.internal.TestMethodWorker.invokeTestMethods(TestMethodWorker.java:146)
	at org.testng.internal.TestMethodWorker.run(TestMethodWorker.java:128)
	at java.base/java.util.concurrent.ThreadPoolExecutor.runWorker(ThreadPoolExecutor.java:1136)
	at java.base/java.util.concurrent.ThreadPoolExecutor$Worker.run(ThreadPoolExecutor.java:635)
	at java.base/java.lang.Thread.run(Thread.java:833)
</pre></div></td>
<td>0</td>
<td>com.epam.calculator.tests.CosTest@1bb266b3</td></tr>
<tr>
<td title='com.epam.calculator.tests.CosTest.cosinusTest()'><b>cosinusTest</b><br>Test class: com.epam.calculator.tests.CosTest<br>Parameters: -1, 0.5403023058681398</td>
<td><div><pre>java.lang.AssertionError: Number to evaluate was -1.0; did not expect to find [0.5403023058681398] but found [-0.8414709848078965]
	at com.epam.calculator.tests.CosTest.cosinusTest(CosTest.java:11)
	at java.base/java.util.concurrent.ThreadPoolExecutor.runWorker(ThreadPoolExecutor.java:1136)
	at java.base/java.util.concurrent.ThreadPoolExecutor$Worker.run(ThreadPoolExecutor.java:635)
	at java.base/java.lang.Thread.run(Thread.java:833)
... Removed 15 stack frames</pre></div><a href='#' onClick='toggleBox("stack-trace915686719", this, "Click to show all stack frames", "Click to hide stack frames")'>Click to show all stack frames</a>
<div class='stack-trace' id='stack-trace915686719'><pre>java.lang.AssertionError: Number to evaluate was -1.0; did not expect to find [0.5403023058681398] but found [-0.8414709848078965]
	at org.testng.Assert.fail(Assert.java:97)
	at org.testng.Assert.failNotEquals(Assert.java:969)
	at org.testng.Assert.assertEquals(Assert.java:640)
	at com.epam.calculator.tests.CosTest.cosinusTest(CosTest.java:11)
	at java.base/jdk.internal.reflect.NativeMethodAccessorImpl.invoke0(Native Method)
	at java.base/jdk.internal.reflect.NativeMethodAccessorImpl.invoke(NativeMethodAccessorImpl.java:77)
	at java.base/jdk.internal.reflect.DelegatingMethodAccessorImpl.invoke(DelegatingMethodAccessorImpl.java:43)
	at java.base/java.lang.reflect.Method.invoke(Method.java:568)
	at org.testng.internal.MethodInvocationHelper.invokeMethod(MethodInvocationHelper.java:133)
	at org.testng.internal.TestInvoker.invokeMethod(TestInvoker.java:584)
	at org.testng.internal.TestInvoker.invokeTestMethod(TestInvoker.java:172)
	at org.testng.internal.MethodRunner.runInSequence(MethodRunner.java:46)
	at org.testng.internal.TestInvoker$MethodInvocationAgent.invoke(TestInvoker.java:804)
	at org.testng.internal.TestInvoker.invokeTestMethods(TestInvoker.java:145)
	at org.testng.internal.TestMethodWorker.invokeTestMethods(TestMethodWorker.java:146)
	at org.testng.internal.TestMethodWorker.run(TestMethodWorker.java:128)
	at java.base/java.util.concurrent.ThreadPoolExecutor.runWorker(ThreadPoolExecutor.java:1136)
	at java.base/java.util.concurrent.ThreadPoolExecutor$Worker.run(ThreadPoolExecutor.java:635)
	at java.base/java.lang.Thread.run(Thread.java:833)
</pre></div></td>
<td>0</td>
<td>com.epam.calculator.tests.CosTest@1bb266b3</td></tr>
<tr>
<td title='com.epam.calculator.tests.CosTest.cosinusTest()'><b>cosinusTest</b><br>Test class: com.epam.calculator.tests.CosTest<br>Parameters: -243, -0.4559422758951242</td>
<td><div><pre>java.lang.AssertionError: Number to evaluate was -243.0; did not expect to find [-0.4559422758951242] but found [0.8900093488562771]
	at com.epam.calculator.tests.CosTest.cosinusTest(CosTest.java:11)
	at java.base/java.util.concurrent.ThreadPoolExecutor.runWorker(ThreadPoolExecutor.java:1136)
	at java.base/java.util.concurrent.ThreadPoolExecutor$Worker.run(ThreadPoolExecutor.java:635)
	at java.base/java.lang.Thread.run(Thread.java:833)
... Removed 15 stack frames</pre></div><a href='#' onClick='toggleBox("stack-trace2048932429", this, "Click to show all stack frames", "Click to hide stack frames")'>Click to show all stack frames</a>
<div class='stack-trace' id='stack-trace2048932429'><pre>java.lang.AssertionError: Number to evaluate was -243.0; did not expect to find [-0.4559422758951242] but found [0.8900093488562771]
	at org.testng.Assert.fail(Assert.java:97)
	at org.testng.Assert.failNotEquals(Assert.java:969)
	at org.testng.Assert.assertEquals(Assert.java:640)
	at com.epam.calculator.tests.CosTest.cosinusTest(CosTest.java:11)
	at java.base/jdk.internal.reflect.NativeMethodAccessorImpl.invoke0(Native Method)
	at java.base/jdk.internal.reflect.NativeMethodAccessorImpl.invoke(NativeMethodAccessorImpl.java:77)
	at java.base/jdk.internal.reflect.DelegatingMethodAccessorImpl.invoke(DelegatingMethodAccessorImpl.java:43)
	at java.base/java.lang.reflect.Method.invoke(Method.java:568)
	at org.testng.internal.MethodInvocationHelper.invokeMethod(MethodInvocationHelper.java:133)
	at org.testng.internal.TestInvoker.invokeMethod(TestInvoker.java:584)
	at org.testng.internal.TestInvoker.invokeTestMethod(TestInvoker.java:172)
	at org.testng.internal.MethodRunner.runInSequence(MethodRunner.java:46)
	at org.testng.internal.TestInvoker$MethodInvocationAgent.invoke(TestInvoker.java:804)
	at org.testng.internal.TestInvoker.invokeTestMethods(TestInvoker.java:145)
	at org.testng.internal.TestMethodWorker.invokeTestMethods(TestMethodWorker.java:146)
	at org.testng.internal.TestMethodWorker.run(TestMethodWorker.java:128)
	at java.base/java.util.concurrent.ThreadPoolExecutor.runWorker(ThreadPoolExecutor.java:1136)
	at java.base/java.util.concurrent.ThreadPoolExecutor$Worker.run(ThreadPoolExecutor.java:635)
	at java.base/java.lang.Thread.run(Thread.java:833)
</pre></div></td>
<td>0</td>
<td>com.epam.calculator.tests.CosTest@1bb266b3</td></tr>
<tr>
<td title='com.epam.calculator.tests.CosTest.cosinusTest()'><b>cosinusTest</b><br>Test class: com.epam.calculator.tests.CosTest<br>Parameters: -360, -0.2836910914865273</td>
<td><div><pre>java.lang.AssertionError: Number to evaluate was -360.0; did not expect to find [-0.2836910914865273] but found [-0.9589157234143065]
	at com.epam.calculator.tests.CosTest.cosinusTest(CosTest.java:11)
	at java.base/java.util.concurrent.ThreadPoolExecutor.runWorker(ThreadPoolExecutor.java:1136)
	at java.base/java.util.concurrent.ThreadPoolExecutor$Worker.run(ThreadPoolExecutor.java:635)
	at java.base/java.lang.Thread.run(Thread.java:833)
... Removed 15 stack frames</pre></div><a href='#' onClick='toggleBox("stack-trace3227998", this, "Click to show all stack frames", "Click to hide stack frames")'>Click to show all stack frames</a>
<div class='stack-trace' id='stack-trace3227998'><pre>java.lang.AssertionError: Number to evaluate was -360.0; did not expect to find [-0.2836910914865273] but found [-0.9589157234143065]
	at org.testng.Assert.fail(Assert.java:97)
	at org.testng.Assert.failNotEquals(Assert.java:969)
	at org.testng.Assert.assertEquals(Assert.java:640)
	at com.epam.calculator.tests.CosTest.cosinusTest(CosTest.java:11)
	at java.base/jdk.internal.reflect.NativeMethodAccessorImpl.invoke0(Native Method)
	at java.base/jdk.internal.reflect.NativeMethodAccessorImpl.invoke(NativeMethodAccessorImpl.java:77)
	at java.base/jdk.internal.reflect.DelegatingMethodAccessorImpl.invoke(DelegatingMethodAccessorImpl.java:43)
	at java.base/java.lang.reflect.Method.invoke(Method.java:568)
	at org.testng.internal.MethodInvocationHelper.invokeMethod(MethodInvocationHelper.java:133)
	at org.testng.internal.TestInvoker.invokeMethod(TestInvoker.java:584)
	at org.testng.internal.TestInvoker.invokeTestMethod(TestInvoker.java:172)
	at org.testng.internal.MethodRunner.runInSequence(MethodRunner.java:46)
	at org.testng.internal.TestInvoker$MethodInvocationAgent.invoke(TestInvoker.java:804)
	at org.testng.internal.TestInvoker.invokeTestMethods(TestInvoker.java:145)
	at org.testng.internal.TestMethodWorker.invokeTestMethods(TestMethodWorker.java:146)
	at org.testng.internal.TestMethodWorker.run(TestMethodWorker.java:128)
	at java.base/java.util.concurrent.ThreadPoolExecutor.runWorker(ThreadPoolExecutor.java:1136)
	at java.base/java.util.concurrent.ThreadPoolExecutor$Worker.run(ThreadPoolExecutor.java:635)
	at java.base/java.lang.Thread.run(Thread.java:833)
</pre></div></td>
<td>0</td>
<td>com.epam.calculator.tests.CosTest@1bb266b3</td></tr>
<tr>
<td title='com.epam.calculator.tests.CtgTest.cotangentTest()'><b>cotangentTest</b><br>Test class: com.epam.calculator.tests.CtgTest<br>Parameters: 1, 0.642093</td>
<td><div><pre>java.lang.AssertionError: Number to evaluate was 1.0; did not expect to find [0.642093] but found [0.7615941559557649]
	at com.epam.calculator.tests.CtgTest.cotangentTest(CtgTest.java:11)
	at java.base/java.util.concurrent.ThreadPoolExecutor.runWorker(ThreadPoolExecutor.java:1136)
	at java.base/java.util.concurrent.ThreadPoolExecutor$Worker.run(ThreadPoolExecutor.java:635)
	at java.base/java.lang.Thread.run(Thread.java:833)
... Removed 15 stack frames</pre></div><a href='#' onClick='toggleBox("stack-trace1933433610", this, "Click to show all stack frames", "Click to hide stack frames")'>Click to show all stack frames</a>
<div class='stack-trace' id='stack-trace1933433610'><pre>java.lang.AssertionError: Number to evaluate was 1.0; did not expect to find [0.642093] but found [0.7615941559557649]
	at org.testng.Assert.fail(Assert.java:97)
	at org.testng.Assert.failNotEquals(Assert.java:969)
	at org.testng.Assert.assertEquals(Assert.java:640)
	at com.epam.calculator.tests.CtgTest.cotangentTest(CtgTest.java:11)
	at java.base/jdk.internal.reflect.NativeMethodAccessorImpl.invoke0(Native Method)
	at java.base/jdk.internal.reflect.NativeMethodAccessorImpl.invoke(NativeMethodAccessorImpl.java:77)
	at java.base/jdk.internal.reflect.DelegatingMethodAccessorImpl.invoke(DelegatingMethodAccessorImpl.java:43)
	at java.base/java.lang.reflect.Method.invoke(Method.java:568)
	at org.testng.internal.MethodInvocationHelper.invokeMethod(MethodInvocationHelper.java:133)
	at org.testng.internal.TestInvoker.invokeMethod(TestInvoker.java:584)
	at org.testng.internal.TestInvoker.invokeTestMethod(TestInvoker.java:172)
	at org.testng.internal.MethodRunner.runInSequence(MethodRunner.java:46)
	at org.testng.internal.TestInvoker$MethodInvocationAgent.invoke(TestInvoker.java:804)
	at org.testng.internal.TestInvoker.invokeTestMethods(TestInvoker.java:145)
	at org.testng.internal.TestMethodWorker.invokeTestMethods(TestMethodWorker.java:146)
	at org.testng.internal.TestMethodWorker.run(TestMethodWorker.java:128)
	at java.base/java.util.concurrent.ThreadPoolExecutor.runWorker(ThreadPoolExecutor.java:1136)
	at java.base/java.util.concurrent.ThreadPoolExecutor$Worker.run(ThreadPoolExecutor.java:635)
	at java.base/java.lang.Thread.run(Thread.java:833)
</pre></div></td>
<td>0</td>
<td>com.epam.calculator.tests.CtgTest@306cf3ea</td></tr>
<tr>
<td title='com.epam.calculator.tests.CtgTest.cotangentTest()'><b>cotangentTest</b><br>Test class: com.epam.calculator.tests.CtgTest<br>Parameters: 360, -0.295846</td>
<td><div><pre>java.lang.AssertionError: Number to evaluate was 360.0; did not expect to find [-0.295846] but found [1.0]
	at com.epam.calculator.tests.CtgTest.cotangentTest(CtgTest.java:11)
	at java.base/java.util.concurrent.ThreadPoolExecutor.runWorker(ThreadPoolExecutor.java:1136)
	at java.base/java.util.concurrent.ThreadPoolExecutor$Worker.run(ThreadPoolExecutor.java:635)
	at java.base/java.lang.Thread.run(Thread.java:833)
... Removed 15 stack frames</pre></div><a href='#' onClick='toggleBox("stack-trace624071804", this, "Click to show all stack frames", "Click to hide stack frames")'>Click to show all stack frames</a>
<div class='stack-trace' id='stack-trace624071804'><pre>java.lang.AssertionError: Number to evaluate was 360.0; did not expect to find [-0.295846] but found [1.0]
	at org.testng.Assert.fail(Assert.java:97)
	at org.testng.Assert.failNotEquals(Assert.java:969)
	at org.testng.Assert.assertEquals(Assert.java:640)
	at com.epam.calculator.tests.CtgTest.cotangentTest(CtgTest.java:11)
	at java.base/jdk.internal.reflect.NativeMethodAccessorImpl.invoke0(Native Method)
	at java.base/jdk.internal.reflect.NativeMethodAccessorImpl.invoke(NativeMethodAccessorImpl.java:77)
	at java.base/jdk.internal.reflect.DelegatingMethodAccessorImpl.invoke(DelegatingMethodAccessorImpl.java:43)
	at java.base/java.lang.reflect.Method.invoke(Method.java:568)
	at org.testng.internal.MethodInvocationHelper.invokeMethod(MethodInvocationHelper.java:133)
	at org.testng.internal.TestInvoker.invokeMethod(TestInvoker.java:584)
	at org.testng.internal.TestInvoker.invokeTestMethod(TestInvoker.java:172)
	at org.testng.internal.MethodRunner.runInSequence(MethodRunner.java:46)
	at org.testng.internal.TestInvoker$MethodInvocationAgent.invoke(TestInvoker.java:804)
	at org.testng.internal.TestInvoker.invokeTestMethods(TestInvoker.java:145)
	at org.testng.internal.TestMethodWorker.invokeTestMethods(TestMethodWorker.java:146)
	at org.testng.internal.TestMethodWorker.run(TestMethodWorker.java:128)
	at java.base/java.util.concurrent.ThreadPoolExecutor.runWorker(ThreadPoolExecutor.java:1136)
	at java.base/java.util.concurrent.ThreadPoolExecutor$Worker.run(ThreadPoolExecutor.java:635)
	at java.base/java.lang.Thread.run(Thread.java:833)
</pre></div></td>
<td>0</td>
<td>com.epam.calculator.tests.CtgTest@306cf3ea</td></tr>
<tr>
<td title='com.epam.calculator.tests.CtgTest.cotangentTest()'><b>cotangentTest</b><br>Test class: com.epam.calculator.tests.CtgTest<br>Parameters: -12, 1.572673</td>
<td><div><pre>java.lang.AssertionError: Number to evaluate was -12.0; did not expect to find [1.572673] but found [-0.9999999999244973]
	at com.epam.calculator.tests.CtgTest.cotangentTest(CtgTest.java:11)
	at java.base/java.util.concurrent.ThreadPoolExecutor.runWorker(ThreadPoolExecutor.java:1136)
	at java.base/java.util.concurrent.ThreadPoolExecutor$Worker.run(ThreadPoolExecutor.java:635)
	at java.base/java.lang.Thread.run(Thread.java:833)
... Removed 15 stack frames</pre></div><a href='#' onClick='toggleBox("stack-trace274475772", this, "Click to show all stack frames", "Click to hide stack frames")'>Click to show all stack frames</a>
<div class='stack-trace' id='stack-trace274475772'><pre>java.lang.AssertionError: Number to evaluate was -12.0; did not expect to find [1.572673] but found [-0.9999999999244973]
	at org.testng.Assert.fail(Assert.java:97)
	at org.testng.Assert.failNotEquals(Assert.java:969)
	at org.testng.Assert.assertEquals(Assert.java:640)
	at com.epam.calculator.tests.CtgTest.cotangentTest(CtgTest.java:11)
	at java.base/jdk.internal.reflect.NativeMethodAccessorImpl.invoke0(Native Method)
	at java.base/jdk.internal.reflect.NativeMethodAccessorImpl.invoke(NativeMethodAccessorImpl.java:77)
	at java.base/jdk.internal.reflect.DelegatingMethodAccessorImpl.invoke(DelegatingMethodAccessorImpl.java:43)
	at java.base/java.lang.reflect.Method.invoke(Method.java:568)
	at org.testng.internal.MethodInvocationHelper.invokeMethod(MethodInvocationHelper.java:133)
	at org.testng.internal.TestInvoker.invokeMethod(TestInvoker.java:584)
	at org.testng.internal.TestInvoker.invokeTestMethod(TestInvoker.java:172)
	at org.testng.internal.MethodRunner.runInSequence(MethodRunner.java:46)
	at org.testng.internal.TestInvoker$MethodInvocationAgent.invoke(TestInvoker.java:804)
	at org.testng.internal.TestInvoker.invokeTestMethods(TestInvoker.java:145)
	at org.testng.internal.TestMethodWorker.invokeTestMethods(TestMethodWorker.java:146)
	at org.testng.internal.TestMethodWorker.run(TestMethodWorker.java:128)
	at java.base/java.util.concurrent.ThreadPoolExecutor.runWorker(ThreadPoolExecutor.java:1136)
	at java.base/java.util.concurrent.ThreadPoolExecutor$Worker.run(ThreadPoolExecutor.java:635)
	at java.base/java.lang.Thread.run(Thread.java:833)
</pre></div></td>
<td>0</td>
<td>com.epam.calculator.tests.CtgTest@306cf3ea</td></tr>
<tr>
<td title='com.epam.calculator.tests.CtgTest.cotangentTest()'><b>cotangentTest</b><br>Test class: com.epam.calculator.tests.CtgTest<br>Parameters: 0, Infinity</td>
<td><div><pre>java.lang.AssertionError: Number to evaluate was 0.0; did not expect to find [Infinity] but found [0.0]
	at com.epam.calculator.tests.CtgTest.cotangentTest(CtgTest.java:11)
	at java.base/java.util.concurrent.ThreadPoolExecutor.runWorker(ThreadPoolExecutor.java:1136)
	at java.base/java.util.concurrent.ThreadPoolExecutor$Worker.run(ThreadPoolExecutor.java:635)
	at java.base/java.lang.Thread.run(Thread.java:833)
... Removed 15 stack frames</pre></div><a href='#' onClick='toggleBox("stack-trace1405197367", this, "Click to show all stack frames", "Click to hide stack frames")'>Click to show all stack frames</a>
<div class='stack-trace' id='stack-trace1405197367'><pre>java.lang.AssertionError: Number to evaluate was 0.0; did not expect to find [Infinity] but found [0.0]
	at org.testng.Assert.fail(Assert.java:97)
	at org.testng.Assert.failNotEquals(Assert.java:969)
	at org.testng.Assert.assertEquals(Assert.java:640)
	at com.epam.calculator.tests.CtgTest.cotangentTest(CtgTest.java:11)
	at java.base/jdk.internal.reflect.NativeMethodAccessorImpl.invoke0(Native Method)
	at java.base/jdk.internal.reflect.NativeMethodAccessorImpl.invoke(NativeMethodAccessorImpl.java:77)
	at java.base/jdk.internal.reflect.DelegatingMethodAccessorImpl.invoke(DelegatingMethodAccessorImpl.java:43)
	at java.base/java.lang.reflect.Method.invoke(Method.java:568)
	at org.testng.internal.MethodInvocationHelper.invokeMethod(MethodInvocationHelper.java:133)
	at org.testng.internal.TestInvoker.invokeMethod(TestInvoker.java:584)
	at org.testng.internal.TestInvoker.invokeTestMethod(TestInvoker.java:172)
	at org.testng.internal.MethodRunner.runInSequence(MethodRunner.java:46)
	at org.testng.internal.TestInvoker$MethodInvocationAgent.invoke(TestInvoker.java:804)
	at org.testng.internal.TestInvoker.invokeTestMethods(TestInvoker.java:145)
	at org.testng.internal.TestMethodWorker.invokeTestMethods(TestMethodWorker.java:146)
	at org.testng.internal.TestMethodWorker.run(TestMethodWorker.java:128)
	at java.base/java.util.concurrent.ThreadPoolExecutor.runWorker(ThreadPoolExecutor.java:1136)
	at java.base/java.util.concurrent.ThreadPoolExecutor$Worker.run(ThreadPoolExecutor.java:635)
	at java.base/java.lang.Thread.run(Thread.java:833)
</pre></div></td>
<td>0</td>
<td>com.epam.calculator.tests.CtgTest@306cf3ea</td></tr>
<tr>
<td title='com.epam.calculator.tests.CtgTest.cotangentTest()'><b>cotangentTest</b><br>Test class: com.epam.calculator.tests.CtgTest<br>Parameters: -360, 0.295846</td>
<td><div><pre>java.lang.AssertionError: Number to evaluate was -360.0; did not expect to find [0.295846] but found [-1.0]
	at com.epam.calculator.tests.CtgTest.cotangentTest(CtgTest.java:11)
	at java.base/java.util.concurrent.ThreadPoolExecutor.runWorker(ThreadPoolExecutor.java:1136)
	at java.base/java.util.concurrent.ThreadPoolExecutor$Worker.run(ThreadPoolExecutor.java:635)
	at java.base/java.lang.Thread.run(Thread.java:833)
... Removed 15 stack frames</pre></div><a href='#' onClick='toggleBox("stack-trace1978257499", this, "Click to show all stack frames", "Click to hide stack frames")'>Click to show all stack frames</a>
<div class='stack-trace' id='stack-trace1978257499'><pre>java.lang.AssertionError: Number to evaluate was -360.0; did not expect to find [0.295846] but found [-1.0]
	at org.testng.Assert.fail(Assert.java:97)
	at org.testng.Assert.failNotEquals(Assert.java:969)
	at org.testng.Assert.assertEquals(Assert.java:640)
	at com.epam.calculator.tests.CtgTest.cotangentTest(CtgTest.java:11)
	at java.base/jdk.internal.reflect.NativeMethodAccessorImpl.invoke0(Native Method)
	at java.base/jdk.internal.reflect.NativeMethodAccessorImpl.invoke(NativeMethodAccessorImpl.java:77)
	at java.base/jdk.internal.reflect.DelegatingMethodAccessorImpl.invoke(DelegatingMethodAccessorImpl.java:43)
	at java.base/java.lang.reflect.Method.invoke(Method.java:568)
	at org.testng.internal.MethodInvocationHelper.invokeMethod(MethodInvocationHelper.java:133)
	at org.testng.internal.TestInvoker.invokeMethod(TestInvoker.java:584)
	at org.testng.internal.TestInvoker.invokeTestMethod(TestInvoker.java:172)
	at org.testng.internal.MethodRunner.runInSequence(MethodRunner.java:46)
	at org.testng.internal.TestInvoker$MethodInvocationAgent.invoke(TestInvoker.java:804)
	at org.testng.internal.TestInvoker.invokeTestMethods(TestInvoker.java:145)
	at org.testng.internal.TestMethodWorker.invokeTestMethods(TestMethodWorker.java:146)
	at org.testng.internal.TestMethodWorker.run(TestMethodWorker.java:128)
	at java.base/java.util.concurrent.ThreadPoolExecutor.runWorker(ThreadPoolExecutor.java:1136)
	at java.base/java.util.concurrent.ThreadPoolExecutor$Worker.run(ThreadPoolExecutor.java:635)
	at java.base/java.lang.Thread.run(Thread.java:833)
</pre></div></td>
<td>0</td>
<td>com.epam.calculator.tests.CtgTest@306cf3ea</td></tr>
<tr>
<td title='com.epam.calculator.tests.IsPositiveTest.isPositiveTest()'><b>isPositiveTest</b><br>Test class: com.epam.calculator.tests.IsPositiveTest<br>Parameters: 0, true</td>
<td><div><pre>java.lang.AssertionError: Number to check if it is Positive: 0; expected [true] but found [false]
	at com.epam.calculator.tests.IsPositiveTest.isPositiveTest(IsPositiveTest.java:11)
	at java.base/java.util.concurrent.ThreadPoolExecutor.runWorker(ThreadPoolExecutor.java:1136)
	at java.base/java.util.concurrent.ThreadPoolExecutor$Worker.run(ThreadPoolExecutor.java:635)
	at java.base/java.lang.Thread.run(Thread.java:833)
... Removed 16 stack frames</pre></div><a href='#' onClick='toggleBox("stack-trace890726150", this, "Click to show all stack frames", "Click to hide stack frames")'>Click to show all stack frames</a>
<div class='stack-trace' id='stack-trace890726150'><pre>java.lang.AssertionError: Number to check if it is Positive: 0; expected [true] but found [false]
	at org.testng.Assert.fail(Assert.java:97)
	at org.testng.Assert.assertEqualsImpl(Assert.java:136)
	at org.testng.Assert.assertEquals(Assert.java:118)
	at org.testng.Assert.assertEquals(Assert.java:751)
	at com.epam.calculator.tests.IsPositiveTest.isPositiveTest(IsPositiveTest.java:11)
	at java.base/jdk.internal.reflect.NativeMethodAccessorImpl.invoke0(Native Method)
	at java.base/jdk.internal.reflect.NativeMethodAccessorImpl.invoke(NativeMethodAccessorImpl.java:77)
	at java.base/jdk.internal.reflect.DelegatingMethodAccessorImpl.invoke(DelegatingMethodAccessorImpl.java:43)
	at java.base/java.lang.reflect.Method.invoke(Method.java:568)
	at org.testng.internal.MethodInvocationHelper.invokeMethod(MethodInvocationHelper.java:133)
	at org.testng.internal.TestInvoker.invokeMethod(TestInvoker.java:584)
	at org.testng.internal.TestInvoker.invokeTestMethod(TestInvoker.java:172)
	at org.testng.internal.MethodRunner.runInSequence(MethodRunner.java:46)
	at org.testng.internal.TestInvoker$MethodInvocationAgent.invoke(TestInvoker.java:804)
	at org.testng.internal.TestInvoker.invokeTestMethods(TestInvoker.java:145)
	at org.testng.internal.TestMethodWorker.invokeTestMethods(TestMethodWorker.java:146)
	at org.testng.internal.TestMethodWorker.run(TestMethodWorker.java:128)
	at java.base/java.util.concurrent.ThreadPoolExecutor.runWorker(ThreadPoolExecutor.java:1136)
	at java.base/java.util.concurrent.ThreadPoolExecutor$Worker.run(ThreadPoolExecutor.java:635)
	at java.base/java.lang.Thread.run(Thread.java:833)
</pre></div></td>
<td>0</td>
<td>com.epam.calculator.tests.IsPositiveTest@65b3f4a4</td></tr>
<tr>
<td title='com.epam.calculator.tests.PowTest.powerTest()'><b>powerTest</b><br>Test class: com.epam.calculator.tests.PowTest<br>Parameters: 3.3, 3.5, 65.28280246512092</td>
<td><div><pre>java.lang.AssertionError: Base was 3.3, exponent was 3.5; did not expect to find [65.28280246512092] but found [35.937]
	at com.epam.calculator.tests.PowTest.powerTest(PowTest.java:11)
	at java.base/java.util.concurrent.ThreadPoolExecutor.runWorker(ThreadPoolExecutor.java:1136)
	at java.base/java.util.concurrent.ThreadPoolExecutor$Worker.run(ThreadPoolExecutor.java:635)
	at java.base/java.lang.Thread.run(Thread.java:833)
... Removed 15 stack frames</pre></div><a href='#' onClick='toggleBox("stack-trace1998270593", this, "Click to show all stack frames", "Click to hide stack frames")'>Click to show all stack frames</a>
<div class='stack-trace' id='stack-trace1998270593'><pre>java.lang.AssertionError: Base was 3.3, exponent was 3.5; did not expect to find [65.28280246512092] but found [35.937]
	at org.testng.Assert.fail(Assert.java:97)
	at org.testng.Assert.failNotEquals(Assert.java:969)
	at org.testng.Assert.assertEquals(Assert.java:640)
	at com.epam.calculator.tests.PowTest.powerTest(PowTest.java:11)
	at java.base/jdk.internal.reflect.NativeMethodAccessorImpl.invoke0(Native Method)
	at java.base/jdk.internal.reflect.NativeMethodAccessorImpl.invoke(NativeMethodAccessorImpl.java:77)
	at java.base/jdk.internal.reflect.DelegatingMethodAccessorImpl.invoke(DelegatingMethodAccessorImpl.java:43)
	at java.base/java.lang.reflect.Method.invoke(Method.java:568)
	at org.testng.internal.MethodInvocationHelper.invokeMethod(MethodInvocationHelper.java:133)
	at org.testng.internal.TestInvoker.invokeMethod(TestInvoker.java:584)
	at org.testng.internal.TestInvoker.invokeTestMethod(TestInvoker.java:172)
	at org.testng.internal.MethodRunner.runInSequence(MethodRunner.java:46)
	at org.testng.internal.TestInvoker$MethodInvocationAgent.invoke(TestInvoker.java:804)
	at org.testng.internal.TestInvoker.invokeTestMethods(TestInvoker.java:145)
	at org.testng.internal.TestMethodWorker.invokeTestMethods(TestMethodWorker.java:146)
	at org.testng.internal.TestMethodWorker.run(TestMethodWorker.java:128)
	at java.base/java.util.concurrent.ThreadPoolExecutor.runWorker(ThreadPoolExecutor.java:1136)
	at java.base/java.util.concurrent.ThreadPoolExecutor$Worker.run(ThreadPoolExecutor.java:635)
	at java.base/java.lang.Thread.run(Thread.java:833)
</pre></div></td>
<td>0</td>
<td>com.epam.calculator.tests.PowTest@6c779568</td></tr>
<tr>
<td title='com.epam.calculator.tests.PowTest.powerTest()'><b>powerTest</b><br>Test class: com.epam.calculator.tests.PowTest<br>Parameters: -3.3, 3.5, NaN</td>
<td><div><pre>java.lang.AssertionError: Base was -3.3, exponent was 3.5; did not expect to find [NaN] but found [-35.937]
	at com.epam.calculator.tests.PowTest.powerTest(PowTest.java:11)
	at java.base/java.util.concurrent.ThreadPoolExecutor.runWorker(ThreadPoolExecutor.java:1136)
	at java.base/java.util.concurrent.ThreadPoolExecutor$Worker.run(ThreadPoolExecutor.java:635)
	at java.base/java.lang.Thread.run(Thread.java:833)
... Removed 15 stack frames</pre></div><a href='#' onClick='toggleBox("stack-trace879722595", this, "Click to show all stack frames", "Click to hide stack frames")'>Click to show all stack frames</a>
<div class='stack-trace' id='stack-trace879722595'><pre>java.lang.AssertionError: Base was -3.3, exponent was 3.5; did not expect to find [NaN] but found [-35.937]
	at org.testng.Assert.fail(Assert.java:97)
	at org.testng.Assert.failNotEquals(Assert.java:969)
	at org.testng.Assert.assertEquals(Assert.java:637)
	at com.epam.calculator.tests.PowTest.powerTest(PowTest.java:11)
	at java.base/jdk.internal.reflect.NativeMethodAccessorImpl.invoke0(Native Method)
	at java.base/jdk.internal.reflect.NativeMethodAccessorImpl.invoke(NativeMethodAccessorImpl.java:77)
	at java.base/jdk.internal.reflect.DelegatingMethodAccessorImpl.invoke(DelegatingMethodAccessorImpl.java:43)
	at java.base/java.lang.reflect.Method.invoke(Method.java:568)
	at org.testng.internal.MethodInvocationHelper.invokeMethod(MethodInvocationHelper.java:133)
	at org.testng.internal.TestInvoker.invokeMethod(TestInvoker.java:584)
	at org.testng.internal.TestInvoker.invokeTestMethod(TestInvoker.java:172)
	at org.testng.internal.MethodRunner.runInSequence(MethodRunner.java:46)
	at org.testng.internal.TestInvoker$MethodInvocationAgent.invoke(TestInvoker.java:804)
	at org.testng.internal.TestInvoker.invokeTestMethods(TestInvoker.java:145)
	at org.testng.internal.TestMethodWorker.invokeTestMethods(TestMethodWorker.java:146)
	at org.testng.internal.TestMethodWorker.run(TestMethodWorker.java:128)
	at java.base/java.util.concurrent.ThreadPoolExecutor.runWorker(ThreadPoolExecutor.java:1136)
	at java.base/java.util.concurrent.ThreadPoolExecutor$Worker.run(ThreadPoolExecutor.java:635)
	at java.base/java.lang.Thread.run(Thread.java:833)
</pre></div></td>
<td>0</td>
<td>com.epam.calculator.tests.PowTest@6c779568</td></tr>
<tr>
<td title='com.epam.calculator.tests.PowTest.powerTest()'><b>powerTest</b><br>Test class: com.epam.calculator.tests.PowTest<br>Parameters: 3.3, -3.5, 0.015317969851773392</td>
<td><div><pre>java.lang.AssertionError: Base was 3.3, exponent was -3.5; did not expect to find [0.015317969851773392] but found [0.008432264881050257]
	at com.epam.calculator.tests.PowTest.powerTest(PowTest.java:11)
	at java.base/java.util.concurrent.ThreadPoolExecutor.runWorker(ThreadPoolExecutor.java:1136)
	at java.base/java.util.concurrent.ThreadPoolExecutor$Worker.run(ThreadPoolExecutor.java:635)
	at java.base/java.lang.Thread.run(Thread.java:833)
... Removed 15 stack frames</pre></div><a href='#' onClick='toggleBox("stack-trace1686228929", this, "Click to show all stack frames", "Click to hide stack frames")'>Click to show all stack frames</a>
<div class='stack-trace' id='stack-trace1686228929'><pre>java.lang.AssertionError: Base was 3.3, exponent was -3.5; did not expect to find [0.015317969851773392] but found [0.008432264881050257]
	at org.testng.Assert.fail(Assert.java:97)
	at org.testng.Assert.failNotEquals(Assert.java:969)
	at org.testng.Assert.assertEquals(Assert.java:640)
	at com.epam.calculator.tests.PowTest.powerTest(PowTest.java:11)
	at java.base/jdk.internal.reflect.NativeMethodAccessorImpl.invoke0(Native Method)
	at java.base/jdk.internal.reflect.NativeMethodAccessorImpl.invoke(NativeMethodAccessorImpl.java:77)
	at java.base/jdk.internal.reflect.DelegatingMethodAccessorImpl.invoke(DelegatingMethodAccessorImpl.java:43)
	at java.base/java.lang.reflect.Method.invoke(Method.java:568)
	at org.testng.internal.MethodInvocationHelper.invokeMethod(MethodInvocationHelper.java:133)
	at org.testng.internal.TestInvoker.invokeMethod(TestInvoker.java:584)
	at org.testng.internal.TestInvoker.invokeTestMethod(TestInvoker.java:172)
	at org.testng.internal.MethodRunner.runInSequence(MethodRunner.java:46)
	at org.testng.internal.TestInvoker$MethodInvocationAgent.invoke(TestInvoker.java:804)
	at org.testng.internal.TestInvoker.invokeTestMethods(TestInvoker.java:145)
	at org.testng.internal.TestMethodWorker.invokeTestMethods(TestMethodWorker.java:146)
	at org.testng.internal.TestMethodWorker.run(TestMethodWorker.java:128)
	at java.base/java.util.concurrent.ThreadPoolExecutor.runWorker(ThreadPoolExecutor.java:1136)
	at java.base/java.util.concurrent.ThreadPoolExecutor$Worker.run(ThreadPoolExecutor.java:635)
	at java.base/java.lang.Thread.run(Thread.java:833)
</pre></div></td>
<td>0</td>
<td>com.epam.calculator.tests.PowTest@6c779568</td></tr>
<tr>
<td title='com.epam.calculator.tests.PowTest.powerTest()'><b>powerTest</b><br>Test class: com.epam.calculator.tests.PowTest<br>Parameters: -3.3, -3.5, NaN</td>
<td><div><pre>java.lang.AssertionError: Base was -3.3, exponent was -3.5; did not expect to find [NaN] but found [0.008432264881050257]
	at com.epam.calculator.tests.PowTest.powerTest(PowTest.java:11)
	at java.base/java.util.concurrent.ThreadPoolExecutor.runWorker(ThreadPoolExecutor.java:1136)
	at java.base/java.util.concurrent.ThreadPoolExecutor$Worker.run(ThreadPoolExecutor.java:635)
	at java.base/java.lang.Thread.run(Thread.java:833)
... Removed 15 stack frames</pre></div><a href='#' onClick='toggleBox("stack-trace299382637", this, "Click to show all stack frames", "Click to hide stack frames")'>Click to show all stack frames</a>
<div class='stack-trace' id='stack-trace299382637'><pre>java.lang.AssertionError: Base was -3.3, exponent was -3.5; did not expect to find [NaN] but found [0.008432264881050257]
	at org.testng.Assert.fail(Assert.java:97)
	at org.testng.Assert.failNotEquals(Assert.java:969)
	at org.testng.Assert.assertEquals(Assert.java:637)
	at com.epam.calculator.tests.PowTest.powerTest(PowTest.java:11)
	at java.base/jdk.internal.reflect.NativeMethodAccessorImpl.invoke0(Native Method)
	at java.base/jdk.internal.reflect.NativeMethodAccessorImpl.invoke(NativeMethodAccessorImpl.java:77)
	at java.base/jdk.internal.reflect.DelegatingMethodAccessorImpl.invoke(DelegatingMethodAccessorImpl.java:43)
	at java.base/java.lang.reflect.Method.invoke(Method.java:568)
	at org.testng.internal.MethodInvocationHelper.invokeMethod(MethodInvocationHelper.java:133)
	at org.testng.internal.TestInvoker.invokeMethod(TestInvoker.java:584)
	at org.testng.internal.TestInvoker.invokeTestMethod(TestInvoker.java:172)
	at org.testng.internal.MethodRunner.runInSequence(MethodRunner.java:46)
	at org.testng.internal.TestInvoker$MethodInvocationAgent.invoke(TestInvoker.java:804)
	at org.testng.internal.TestInvoker.invokeTestMethods(TestInvoker.java:145)
	at org.testng.internal.TestMethodWorker.invokeTestMethods(TestMethodWorker.java:146)
	at org.testng.internal.TestMethodWorker.run(TestMethodWorker.java:128)
	at java.base/java.util.concurrent.ThreadPoolExecutor.runWorker(ThreadPoolExecutor.java:1136)
	at java.base/java.util.concurrent.ThreadPoolExecutor$Worker.run(ThreadPoolExecutor.java:635)
	at java.base/java.lang.Thread.run(Thread.java:833)
</pre></div></td>
<td>0</td>
<td>com.epam.calculator.tests.PowTest@6c779568</td></tr>
<tr>
<td title='com.epam.calculator.tests.SqrtTest.squareRootTest()'><b>squareRootTest</b><br>Test class: com.epam.calculator.tests.SqrtTest<br>Parameters: -1, NaN</td>
<td><div><pre>java.lang.AssertionError: Number to evaluate was -1.0; did not expect to find [NaN] but found [1.0]
	at com.epam.calculator.tests.SqrtTest.squareRootTest(SqrtTest.java:11)
	at java.base/java.util.concurrent.ThreadPoolExecutor.runWorker(ThreadPoolExecutor.java:1136)
	at java.base/java.util.concurrent.ThreadPoolExecutor$Worker.run(ThreadPoolExecutor.java:635)
	at java.base/java.lang.Thread.run(Thread.java:833)
... Removed 15 stack frames</pre></div><a href='#' onClick='toggleBox("stack-trace775412702", this, "Click to show all stack frames", "Click to hide stack frames")'>Click to show all stack frames</a>
<div class='stack-trace' id='stack-trace775412702'><pre>java.lang.AssertionError: Number to evaluate was -1.0; did not expect to find [NaN] but found [1.0]
	at org.testng.Assert.fail(Assert.java:97)
	at org.testng.Assert.failNotEquals(Assert.java:969)
	at org.testng.Assert.assertEquals(Assert.java:637)
	at com.epam.calculator.tests.SqrtTest.squareRootTest(SqrtTest.java:11)
	at java.base/jdk.internal.reflect.NativeMethodAccessorImpl.invoke0(Native Method)
	at java.base/jdk.internal.reflect.NativeMethodAccessorImpl.invoke(NativeMethodAccessorImpl.java:77)
	at java.base/jdk.internal.reflect.DelegatingMethodAccessorImpl.invoke(DelegatingMethodAccessorImpl.java:43)
	at java.base/java.lang.reflect.Method.invoke(Method.java:568)
	at org.testng.internal.MethodInvocationHelper.invokeMethod(MethodInvocationHelper.java:133)
	at org.testng.internal.TestInvoker.invokeMethod(TestInvoker.java:584)
	at org.testng.internal.TestInvoker.invokeTestMethod(TestInvoker.java:172)
	at org.testng.internal.MethodRunner.runInSequence(MethodRunner.java:46)
	at org.testng.internal.TestInvoker$MethodInvocationAgent.invoke(TestInvoker.java:804)
	at org.testng.internal.TestInvoker.invokeTestMethods(TestInvoker.java:145)
	at org.testng.internal.TestMethodWorker.invokeTestMethods(TestMethodWorker.java:146)
	at org.testng.internal.TestMethodWorker.run(TestMethodWorker.java:128)
	at java.base/java.util.concurrent.ThreadPoolExecutor.runWorker(ThreadPoolExecutor.java:1136)
	at java.base/java.util.concurrent.ThreadPoolExecutor$Worker.run(ThreadPoolExecutor.java:635)
	at java.base/java.lang.Thread.run(Thread.java:833)
</pre></div></td>
<td>0</td>
<td>com.epam.calculator.tests.SqrtTest@524d6d96</td></tr>
<tr>
<td title='com.epam.calculator.tests.TgTest.tangentTest()'><b>tangentTest</b><br>Test class: com.epam.calculator.tests.TgTest<br>Parameters: 1, 1.5574077246549023</td>
<td><div><pre>java.lang.AssertionError: Number to evaluate was 1.0; did not expect to find [1.5574077246549023] but found [1.0]
	at com.epam.calculator.tests.TgTest.tangentTest(TgTest.java:11)
	at java.base/java.util.concurrent.ThreadPoolExecutor.runWorker(ThreadPoolExecutor.java:1136)
	at java.base/java.util.concurrent.ThreadPoolExecutor$Worker.run(ThreadPoolExecutor.java:635)
	at java.base/java.lang.Thread.run(Thread.java:833)
... Removed 15 stack frames</pre></div><a href='#' onClick='toggleBox("stack-trace1087504476", this, "Click to show all stack frames", "Click to hide stack frames")'>Click to show all stack frames</a>
<div class='stack-trace' id='stack-trace1087504476'><pre>java.lang.AssertionError: Number to evaluate was 1.0; did not expect to find [1.5574077246549023] but found [1.0]
	at org.testng.Assert.fail(Assert.java:97)
	at org.testng.Assert.failNotEquals(Assert.java:969)
	at org.testng.Assert.assertEquals(Assert.java:640)
	at com.epam.calculator.tests.TgTest.tangentTest(TgTest.java:11)
	at java.base/jdk.internal.reflect.NativeMethodAccessorImpl.invoke0(Native Method)
	at java.base/jdk.internal.reflect.NativeMethodAccessorImpl.invoke(NativeMethodAccessorImpl.java:77)
	at java.base/jdk.internal.reflect.DelegatingMethodAccessorImpl.invoke(DelegatingMethodAccessorImpl.java:43)
	at java.base/java.lang.reflect.Method.invoke(Method.java:568)
	at org.testng.internal.MethodInvocationHelper.invokeMethod(MethodInvocationHelper.java:133)
	at org.testng.internal.TestInvoker.invokeMethod(TestInvoker.java:584)
	at org.testng.internal.TestInvoker.invokeTestMethod(TestInvoker.java:172)
	at org.testng.internal.MethodRunner.runInSequence(MethodRunner.java:46)
	at org.testng.internal.TestInvoker$MethodInvocationAgent.invoke(TestInvoker.java:804)
	at org.testng.internal.TestInvoker.invokeTestMethods(TestInvoker.java:145)
	at org.testng.internal.TestMethodWorker.invokeTestMethods(TestMethodWorker.java:146)
	at org.testng.internal.TestMethodWorker.run(TestMethodWorker.java:128)
	at java.base/java.util.concurrent.ThreadPoolExecutor.runWorker(ThreadPoolExecutor.java:1136)
	at java.base/java.util.concurrent.ThreadPoolExecutor$Worker.run(ThreadPoolExecutor.java:635)
	at java.base/java.lang.Thread.run(Thread.java:833)
</pre></div></td>
<td>0</td>
<td>com.epam.calculator.tests.TgTest@5136d012</td></tr>
<tr>
<td title='com.epam.calculator.tests.TgTest.tangentTest()'><b>tangentTest</b><br>Test class: com.epam.calculator.tests.TgTest<br>Parameters: 360, -3.380140413960958</td>
<td><div><pre>java.lang.AssertionError: Number to evaluate was 360.0; did not expect to find [-3.380140413960958] but found [1.0]
	at com.epam.calculator.tests.TgTest.tangentTest(TgTest.java:11)
	at java.base/java.util.concurrent.ThreadPoolExecutor.runWorker(ThreadPoolExecutor.java:1136)
	at java.base/java.util.concurrent.ThreadPoolExecutor$Worker.run(ThreadPoolExecutor.java:635)
	at java.base/java.lang.Thread.run(Thread.java:833)
... Removed 15 stack frames</pre></div><a href='#' onClick='toggleBox("stack-trace603156396", this, "Click to show all stack frames", "Click to hide stack frames")'>Click to show all stack frames</a>
<div class='stack-trace' id='stack-trace603156396'><pre>java.lang.AssertionError: Number to evaluate was 360.0; did not expect to find [-3.380140413960958] but found [1.0]
	at org.testng.Assert.fail(Assert.java:97)
	at org.testng.Assert.failNotEquals(Assert.java:969)
	at org.testng.Assert.assertEquals(Assert.java:640)
	at com.epam.calculator.tests.TgTest.tangentTest(TgTest.java:11)
	at java.base/jdk.internal.reflect.NativeMethodAccessorImpl.invoke0(Native Method)
	at java.base/jdk.internal.reflect.NativeMethodAccessorImpl.invoke(NativeMethodAccessorImpl.java:77)
	at java.base/jdk.internal.reflect.DelegatingMethodAccessorImpl.invoke(DelegatingMethodAccessorImpl.java:43)
	at java.base/java.lang.reflect.Method.invoke(Method.java:568)
	at org.testng.internal.MethodInvocationHelper.invokeMethod(MethodInvocationHelper.java:133)
	at org.testng.internal.TestInvoker.invokeMethod(TestInvoker.java:584)
	at org.testng.internal.TestInvoker.invokeTestMethod(TestInvoker.java:172)
	at org.testng.internal.MethodRunner.runInSequence(MethodRunner.java:46)
	at org.testng.internal.TestInvoker$MethodInvocationAgent.invoke(TestInvoker.java:804)
	at org.testng.internal.TestInvoker.invokeTestMethods(TestInvoker.java:145)
	at org.testng.internal.TestMethodWorker.invokeTestMethods(TestMethodWorker.java:146)
	at org.testng.internal.TestMethodWorker.run(TestMethodWorker.java:128)
	at java.base/java.util.concurrent.ThreadPoolExecutor.runWorker(ThreadPoolExecutor.java:1136)
	at java.base/java.util.concurrent.ThreadPoolExecutor$Worker.run(ThreadPoolExecutor.java:635)
	at java.base/java.lang.Thread.run(Thread.java:833)
</pre></div></td>
<td>0</td>
<td>com.epam.calculator.tests.TgTest@5136d012</td></tr>
<tr>
<td title='com.epam.calculator.tests.TgTest.tangentTest()'><b>tangentTest</b><br>Test class: com.epam.calculator.tests.TgTest<br>Parameters: -12, 0.6358599286615808</td>
<td><div><pre>java.lang.AssertionError: Number to evaluate was -12.0; did not expect to find [0.6358599286615808] but found [1.0]
	at com.epam.calculator.tests.TgTest.tangentTest(TgTest.java:11)
	at java.base/java.util.concurrent.ThreadPoolExecutor.runWorker(ThreadPoolExecutor.java:1136)
	at java.base/java.util.concurrent.ThreadPoolExecutor$Worker.run(ThreadPoolExecutor.java:635)
	at java.base/java.lang.Thread.run(Thread.java:833)
... Removed 15 stack frames</pre></div><a href='#' onClick='toggleBox("stack-trace1383938707", this, "Click to show all stack frames", "Click to hide stack frames")'>Click to show all stack frames</a>
<div class='stack-trace' id='stack-trace1383938707'><pre>java.lang.AssertionError: Number to evaluate was -12.0; did not expect to find [0.6358599286615808] but found [1.0]
	at org.testng.Assert.fail(Assert.java:97)
	at org.testng.Assert.failNotEquals(Assert.java:969)
	at org.testng.Assert.assertEquals(Assert.java:640)
	at com.epam.calculator.tests.TgTest.tangentTest(TgTest.java:11)
	at java.base/jdk.internal.reflect.NativeMethodAccessorImpl.invoke0(Native Method)
	at java.base/jdk.internal.reflect.NativeMethodAccessorImpl.invoke(NativeMethodAccessorImpl.java:77)
	at java.base/jdk.internal.reflect.DelegatingMethodAccessorImpl.invoke(DelegatingMethodAccessorImpl.java:43)
	at java.base/java.lang.reflect.Method.invoke(Method.java:568)
	at org.testng.internal.MethodInvocationHelper.invokeMethod(MethodInvocationHelper.java:133)
	at org.testng.internal.TestInvoker.invokeMethod(TestInvoker.java:584)
	at org.testng.internal.TestInvoker.invokeTestMethod(TestInvoker.java:172)
	at org.testng.internal.MethodRunner.runInSequence(MethodRunner.java:46)
	at org.testng.internal.TestInvoker$MethodInvocationAgent.invoke(TestInvoker.java:804)
	at org.testng.internal.TestInvoker.invokeTestMethods(TestInvoker.java:145)
	at org.testng.internal.TestMethodWorker.invokeTestMethods(TestMethodWorker.java:146)
	at org.testng.internal.TestMethodWorker.run(TestMethodWorker.java:128)
	at java.base/java.util.concurrent.ThreadPoolExecutor.runWorker(ThreadPoolExecutor.java:1136)
	at java.base/java.util.concurrent.ThreadPoolExecutor$Worker.run(ThreadPoolExecutor.java:635)
	at java.base/java.lang.Thread.run(Thread.java:833)
</pre></div></td>
<td>0</td>
<td>com.epam.calculator.tests.TgTest@5136d012</td></tr>
<tr>
<td title='com.epam.calculator.tests.TgTest.tangentTest()'><b>tangentTest</b><br>Test class: com.epam.calculator.tests.TgTest<br>Parameters: 0, 0</td>
<td><div><pre>java.lang.AssertionError: Number to evaluate was 0.0; did not expect to find [0.0] but found [NaN]
	at com.epam.calculator.tests.TgTest.tangentTest(TgTest.java:11)
	at java.base/java.util.concurrent.ThreadPoolExecutor.runWorker(ThreadPoolExecutor.java:1136)
	at java.base/java.util.concurrent.ThreadPoolExecutor$Worker.run(ThreadPoolExecutor.java:635)
	at java.base/java.lang.Thread.run(Thread.java:833)
... Removed 15 stack frames</pre></div><a href='#' onClick='toggleBox("stack-trace1052397077", this, "Click to show all stack frames", "Click to hide stack frames")'>Click to show all stack frames</a>
<div class='stack-trace' id='stack-trace1052397077'><pre>java.lang.AssertionError: Number to evaluate was 0.0; did not expect to find [0.0] but found [NaN]
	at org.testng.Assert.fail(Assert.java:97)
	at org.testng.Assert.failNotEquals(Assert.java:969)
	at org.testng.Assert.assertEquals(Assert.java:640)
	at com.epam.calculator.tests.TgTest.tangentTest(TgTest.java:11)
	at java.base/jdk.internal.reflect.NativeMethodAccessorImpl.invoke0(Native Method)
	at java.base/jdk.internal.reflect.NativeMethodAccessorImpl.invoke(NativeMethodAccessorImpl.java:77)
	at java.base/jdk.internal.reflect.DelegatingMethodAccessorImpl.invoke(DelegatingMethodAccessorImpl.java:43)
	at java.base/java.lang.reflect.Method.invoke(Method.java:568)
	at org.testng.internal.MethodInvocationHelper.invokeMethod(MethodInvocationHelper.java:133)
	at org.testng.internal.TestInvoker.invokeMethod(TestInvoker.java:584)
	at org.testng.internal.TestInvoker.invokeTestMethod(TestInvoker.java:172)
	at org.testng.internal.MethodRunner.runInSequence(MethodRunner.java:46)
	at org.testng.internal.TestInvoker$MethodInvocationAgent.invoke(TestInvoker.java:804)
	at org.testng.internal.TestInvoker.invokeTestMethods(TestInvoker.java:145)
	at org.testng.internal.TestMethodWorker.invokeTestMethods(TestMethodWorker.java:146)
	at org.testng.internal.TestMethodWorker.run(TestMethodWorker.java:128)
	at java.base/java.util.concurrent.ThreadPoolExecutor.runWorker(ThreadPoolExecutor.java:1136)
	at java.base/java.util.concurrent.ThreadPoolExecutor$Worker.run(ThreadPoolExecutor.java:635)
	at java.base/java.lang.Thread.run(Thread.java:833)
</pre></div></td>
<td>0</td>
<td>com.epam.calculator.tests.TgTest@5136d012</td></tr>
<tr>
<td title='com.epam.calculator.tests.TgTest.tangentTest()'><b>tangentTest</b><br>Test class: com.epam.calculator.tests.TgTest<br>Parameters: -360, 3.380140413960958</td>
<td><div><pre>java.lang.AssertionError: Number to evaluate was -360.0; did not expect to find [3.380140413960958] but found [1.0]
	at com.epam.calculator.tests.TgTest.tangentTest(TgTest.java:11)
	at java.base/java.util.concurrent.ThreadPoolExecutor.runWorker(ThreadPoolExecutor.java:1136)
	at java.base/java.util.concurrent.ThreadPoolExecutor$Worker.run(ThreadPoolExecutor.java:635)
	at java.base/java.lang.Thread.run(Thread.java:833)
... Removed 15 stack frames</pre></div><a href='#' onClick='toggleBox("stack-trace1627130863", this, "Click to show all stack frames", "Click to hide stack frames")'>Click to show all stack frames</a>
<div class='stack-trace' id='stack-trace1627130863'><pre>java.lang.AssertionError: Number to evaluate was -360.0; did not expect to find [3.380140413960958] but found [1.0]
	at org.testng.Assert.fail(Assert.java:97)
	at org.testng.Assert.failNotEquals(Assert.java:969)
	at org.testng.Assert.assertEquals(Assert.java:640)
	at com.epam.calculator.tests.TgTest.tangentTest(TgTest.java:11)
	at java.base/jdk.internal.reflect.NativeMethodAccessorImpl.invoke0(Native Method)
	at java.base/jdk.internal.reflect.NativeMethodAccessorImpl.invoke(NativeMethodAccessorImpl.java:77)
	at java.base/jdk.internal.reflect.DelegatingMethodAccessorImpl.invoke(DelegatingMethodAccessorImpl.java:43)
	at java.base/java.lang.reflect.Method.invoke(Method.java:568)
	at org.testng.internal.MethodInvocationHelper.invokeMethod(MethodInvocationHelper.java:133)
	at org.testng.internal.TestInvoker.invokeMethod(TestInvoker.java:584)
	at org.testng.internal.TestInvoker.invokeTestMethod(TestInvoker.java:172)
	at org.testng.internal.MethodRunner.runInSequence(MethodRunner.java:46)
	at org.testng.internal.TestInvoker$MethodInvocationAgent.invoke(TestInvoker.java:804)
	at org.testng.internal.TestInvoker.invokeTestMethods(TestInvoker.java:145)
	at org.testng.internal.TestMethodWorker.invokeTestMethods(TestMethodWorker.java:146)
	at org.testng.internal.TestMethodWorker.run(TestMethodWorker.java:128)
	at java.base/java.util.concurrent.ThreadPoolExecutor.runWorker(ThreadPoolExecutor.java:1136)
	at java.base/java.util.concurrent.ThreadPoolExecutor$Worker.run(ThreadPoolExecutor.java:635)
	at java.base/java.lang.Thread.run(Thread.java:833)
</pre></div></td>
<td>0</td>
<td>com.epam.calculator.tests.TgTest@5136d012</td></tr>
</table><p>
<table width='100%' border='1' class='invocation-passed'>
<tr><td colspan='4' align='center'><b>PASSED TESTS</b></td></tr>
<tr><td><b>Test method</b></td>
<td width="30%"><b>Exception</b></td>
<td width="10%"><b>Time (seconds)</b></td>
<td><b>Instance</b></td>
</tr>
<tr>
<td title='com.epam.calculator.tests.SinTest.cosinusTest()'><b>cosinusTest</b><br>Test class: com.epam.calculator.tests.SinTest<br>Parameters: 0, 0</td>
<td></td>
<td>0</td>
<td>com.epam.calculator.tests.SinTest@2beee7ff</td></tr>
<tr>
<td title='com.epam.calculator.tests.SinTest.cosinusTest()'><b>cosinusTest</b><br>Test class: com.epam.calculator.tests.SinTest<br>Parameters: 359, 0.7568221986283603</td>
<td></td>
<td>0</td>
<td>com.epam.calculator.tests.SinTest@2beee7ff</td></tr>
<tr>
<td title='com.epam.calculator.tests.SinTest.cosinusTest()'><b>cosinusTest</b><br>Test class: com.epam.calculator.tests.SinTest<br>Parameters: 180, -0.8011526357338304</td>
<td></td>
<td>0</td>
<td>com.epam.calculator.tests.SinTest@2beee7ff</td></tr>
<tr>
<td title='com.epam.calculator.tests.SinTest.cosinusTest()'><b>cosinusTest</b><br>Test class: com.epam.calculator.tests.SinTest<br>Parameters: 100, -0.5063656411097588</td>
<td></td>
<td>0</td>
<td>com.epam.calculator.tests.SinTest@2beee7ff</td></tr>
<tr>
<td title='com.epam.calculator.tests.SinTest.cosinusTest()'><b>cosinusTest</b><br>Test class: com.epam.calculator.tests.SinTest<br>Parameters: -1, -0.8414709848078965</td>
<td></td>
<td>0</td>
<td>com.epam.calculator.tests.SinTest@2beee7ff</td></tr>
<tr>
<td title='com.epam.calculator.tests.SinTest.cosinusTest()'><b>cosinusTest</b><br>Test class: com.epam.calculator.tests.SinTest<br>Parameters: -243, 0.8900093488562771</td>
<td></td>
<td>0</td>
<td>com.epam.calculator.tests.SinTest@2beee7ff</td></tr>
<tr>
<td title='com.epam.calculator.tests.SinTest.cosinusTest()'><b>cosinusTest</b><br>Test class: com.epam.calculator.tests.SinTest<br>Parameters: -360, -0.9589157234143065</td>
<td></td>
<td>0</td>
<td>com.epam.calculator.tests.SinTest@2beee7ff</td></tr>
<tr>
<td title='com.epam.calculator.tests.IsNegativeTest.isNegativeTest()'><b>isNegativeTest</b><br>Test class: com.epam.calculator.tests.IsNegativeTest<br>Parameters: -9223372036854775808, true</td>
<td></td>
<td>0</td>
<td>com.epam.calculator.tests.IsNegativeTest@1018bde2</td></tr>
<tr>
<td title='com.epam.calculator.tests.IsNegativeTest.isNegativeTest()'><b>isNegativeTest</b><br>Test class: com.epam.calculator.tests.IsNegativeTest<br>Parameters: 9223372036854775807, false</td>
<td></td>
<td>0</td>
<td>com.epam.calculator.tests.IsNegativeTest@1018bde2</td></tr>
<tr>
<td title='com.epam.calculator.tests.IsNegativeTest.isNegativeTest()'><b>isNegativeTest</b><br>Test class: com.epam.calculator.tests.IsNegativeTest<br>Parameters: 0, false</td>
<td></td>
<td>0</td>
<td>com.epam.calculator.tests.IsNegativeTest@1018bde2</td></tr>
<tr>
<td title='com.epam.calculator.tests.IsNegativeTest.isNegativeTest()'><b>isNegativeTest</b><br>Test class: com.epam.calculator.tests.IsNegativeTest<br>Parameters: 1, false</td>
<td></td>
<td>0</td>
<td>com.epam.calculator.tests.IsNegativeTest@1018bde2</td></tr>
<tr>
<td title='com.epam.calculator.tests.IsNegativeTest.isNegativeTest()'><b>isNegativeTest</b><br>Test class: com.epam.calculator.tests.IsNegativeTest<br>Parameters: -1, true</td>
<td></td>
<td>0</td>
<td>com.epam.calculator.tests.IsNegativeTest@1018bde2</td></tr>
<tr>
<td title='com.epam.calculator.tests.IsPositiveTest.isPositiveTest()'><b>isPositiveTest</b><br>Test class: com.epam.calculator.tests.IsPositiveTest<br>Parameters: -9223372036854775808, false</td>
<td></td>
<td>0</td>
<td>com.epam.calculator.tests.IsPositiveTest@65b3f4a4</td></tr>
<tr>
<td title='com.epam.calculator.tests.IsPositiveTest.isPositiveTest()'><b>isPositiveTest</b><br>Test class: com.epam.calculator.tests.IsPositiveTest<br>Parameters: 9223372036854775807, true</td>
<td></td>
<td>0</td>
<td>com.epam.calculator.tests.IsPositiveTest@65b3f4a4</td></tr>
<tr>
<td title='com.epam.calculator.tests.IsPositiveTest.isPositiveTest()'><b>isPositiveTest</b><br>Test class: com.epam.calculator.tests.IsPositiveTest<br>Parameters: 1, true</td>
<td></td>
<td>0</td>
<td>com.epam.calculator.tests.IsPositiveTest@65b3f4a4</td></tr>
<tr>
<td title='com.epam.calculator.tests.IsPositiveTest.isPositiveTest()'><b>isPositiveTest</b><br>Test class: com.epam.calculator.tests.IsPositiveTest<br>Parameters: -1, false</td>
<td></td>
<td>0</td>
<td>com.epam.calculator.tests.IsPositiveTest@65b3f4a4</td></tr>
<tr>
<td title='com.epam.calculator.tests.PowTest.powerTest()'><b>powerTest</b><br>Test class: com.epam.calculator.tests.PowTest<br>Parameters: 0, 0, 1</td>
<td></td>
<td>0</td>
<td>com.epam.calculator.tests.PowTest@6c779568</td></tr>
<tr>
<td title='com.epam.calculator.tests.PowTest.powerTest()'><b>powerTest</b><br>Test class: com.epam.calculator.tests.PowTest<br>Parameters: 1, 0, 1</td>
<td></td>
<td>0</td>
<td>com.epam.calculator.tests.PowTest@6c779568</td></tr>
<tr>
<td title='com.epam.calculator.tests.PowTest.powerTest()'><b>powerTest</b><br>Test class: com.epam.calculator.tests.PowTest<br>Parameters: 0, 1, 0</td>
<td></td>
<td>0</td>
<td>com.epam.calculator.tests.PowTest@6c779568</td></tr>
<tr>
<td title='com.epam.calculator.tests.PowTest.powerTest()'><b>powerTest</b><br>Test class: com.epam.calculator.tests.PowTest<br>Parameters: 5, 1, 5</td>
<td></td>
<td>0</td>
<td>com.epam.calculator.tests.PowTest@6c779568</td></tr>
<tr>
<td title='com.epam.calculator.tests.PowTest.powerTest()'><b>powerTest</b><br>Test class: com.epam.calculator.tests.PowTest<br>Parameters: -5, 5, -3125</td>
<td></td>
<td>0</td>
<td>com.epam.calculator.tests.PowTest@6c779568</td></tr>
<tr>
<td title='com.epam.calculator.tests.PowTest.powerTest()'><b>powerTest</b><br>Test class: com.epam.calculator.tests.PowTest<br>Parameters: 5, 5, 3125</td>
<td></td>
<td>0</td>
<td>com.epam.calculator.tests.PowTest@6c779568</td></tr>
<tr>
<td title='com.epam.calculator.tests.PowTest.powerTest()'><b>powerTest</b><br>Test class: com.epam.calculator.tests.PowTest<br>Parameters: 1, -1, 1</td>
<td></td>
<td>0</td>
<td>com.epam.calculator.tests.PowTest@6c779568</td></tr>
<tr>
<td title='com.epam.calculator.tests.PowTest.powerTest()'><b>powerTest</b><br>Test class: com.epam.calculator.tests.PowTest<br>Parameters: -1, -1, -1</td>
<td></td>
<td>0</td>
<td>com.epam.calculator.tests.PowTest@6c779568</td></tr>
<tr>
<td title='com.epam.calculator.tests.SqrtTest.squareRootTest()'><b>squareRootTest</b><br>Test class: com.epam.calculator.tests.SqrtTest<br>Parameters: 0, 0</td>
<td></td>
<td>0</td>
<td>com.epam.calculator.tests.SqrtTest@524d6d96</td></tr>
<tr>
<td title='com.epam.calculator.tests.SqrtTest.squareRootTest()'><b>squareRootTest</b><br>Test class: com.epam.calculator.tests.SqrtTest<br>Parameters: 1, 1</td>
<td></td>
<td>0</td>
<td>com.epam.calculator.tests.SqrtTest@524d6d96</td></tr>
<tr>
<td title='com.epam.calculator.tests.SqrtTest.squareRootTest()'><b>squareRootTest</b><br>Test class: com.epam.calculator.tests.SqrtTest<br>Parameters: 25, 5</td>
<td></td>
<td>0</td>
<td>com.epam.calculator.tests.SqrtTest@524d6d96</td></tr>
<tr>
<td title='com.epam.calculator.tests.SqrtTest.squareRootTest()'><b>squareRootTest</b><br>Test class: com.epam.calculator.tests.SqrtTest<br>Parameters: 25, 5</td>
<td></td>
<td>0</td>
<td>com.epam.calculator.tests.SqrtTest@524d6d96</td></tr>
<tr>
<td title='com.epam.calculator.tests.SqrtTest.squareRootTest()'><b>squareRootTest</b><br>Test class: com.epam.calculator.tests.SqrtTest<br>Parameters: 20.5, 4.527692569068709</td>
<td></td>
<td>0</td>
<td>com.epam.calculator.tests.SqrtTest@524d6d96</td></tr>
</table><p>
</body>
</html>