<?xml version="1.0" encoding="UTF-8"?>
<!-- Generated by org.testng.reporters.JUnitXMLReporter -->
<testsuite ignored="12" hostname="EPUAODEW00BA" failures="18" tests="25" name="Trigonometric Functions" time="0.026" errors="0" timestamp="2022-09-26T12:36:27 EEST">
  <testcase classname="com.epam.calculator.tests.CosTest" name="cosinusTest" time="0.001">
    <failure type="java.lang.AssertionError" message="Number to evaluate was 0.0; did not expect to find [1.0] but found [0.0]">
      <![CDATA[java.lang.AssertionError: Number to evaluate was 0.0; did not expect to find [1.0] but found [0.0]
at com.epam.calculator.tests.CosTest.cosinusTest(CosTest.java:11)
at java.base/java.util.concurrent.ThreadPoolExecutor.runWorker(ThreadPoolExecutor.java:1136)
at java.base/java.util.concurrent.ThreadPoolExecutor$Worker.run(ThreadPoolExecutor.java:635)
at java.base/java.lang.Thread.run(Thread.java:833)
... Removed 15 stack frames]]>
    </failure>
  </testcase> <!-- cosinusTest -->
  <testcase classname="com.epam.calculator.tests.CtgTest" name="cotangentTest" time="0.001">
    <failure type="java.lang.AssertionError" message="Number to evaluate was 1.0; did not expect to find [0.642093] but found [0.7615941559557649]">
      <![CDATA[java.lang.AssertionError: Number to evaluate was 1.0; did not expect to find [0.642093] but found [0.7615941559557649]
at com.epam.calculator.tests.CtgTest.cotangentTest(CtgTest.java:11)
at java.base/java.util.concurrent.ThreadPoolExecutor.runWorker(ThreadPoolExecutor.java:1136)
at java.base/java.util.concurrent.ThreadPoolExecutor$Worker.run(ThreadPoolExecutor.java:635)
at java.base/java.lang.Thread.run(Thread.java:833)
... Removed 15 stack frames]]>
    </failure>
  </testcase> <!-- cotangentTest -->
  <testcase classname="com.epam.calculator.tests.CosTest" name="cosinusTest" time="0.001">
    <failure type="java.lang.AssertionError" message="Number to evaluate was 3.141592653589793; did not expect to find [-1.0] but found [1.2246467991473532E-16]">
      <![CDATA[java.lang.AssertionError: Number to evaluate was 3.141592653589793; did not expect to find [-1.0] but found [1.2246467991473532E-16]
at com.epam.calculator.tests.CosTest.cosinusTest(CosTest.java:11)
at java.base/java.util.concurrent.ThreadPoolExecutor.runWorker(ThreadPoolExecutor.java:1136)
at java.base/java.util.concurrent.ThreadPoolExecutor$Worker.run(ThreadPoolExecutor.java:635)
at java.base/java.lang.Thread.run(Thread.java:833)
... Removed 15 stack frames]]>
    </failure>
  </testcase> <!-- cosinusTest -->
  <testcase classname="com.epam.calculator.tests.CtgTest" name="cotangentTest" time="0.001">
    <failure type="java.lang.AssertionError" message="Number to evaluate was 360.0; did not expect to find [-0.295846] but found [1.0]">
      <![CDATA[java.lang.AssertionError: Number to evaluate was 360.0; did not expect to find [-0.295846] but found [1.0]
at com.epam.calculator.tests.CtgTest.cotangentTest(CtgTest.java:11)
at java.base/java.util.concurrent.ThreadPoolExecutor.runWorker(ThreadPoolExecutor.java:1136)
at java.base/java.util.concurrent.ThreadPoolExecutor$Worker.run(ThreadPoolExecutor.java:635)
at java.base/java.lang.Thread.run(Thread.java:833)
... Removed 15 stack frames]]>
    </failure>
  </testcase> <!-- cotangentTest -->
  <testcase classname="com.epam.calculator.tests.CosTest" name="cosinusTest" time="0.001">
    <failure type="java.lang.AssertionError" message="Number to evaluate was 359.0; did not expect to find [0.6536208072447929] but found [0.7568221986283603]">
      <![CDATA[java.lang.AssertionError: Number to evaluate was 359.0; did not expect to find [0.6536208072447929] but found [0.7568221986283603]
at com.epam.calculator.tests.CosTest.cosinusTest(CosTest.java:11)
at java.base/java.util.concurrent.ThreadPoolExecutor.runWorker(ThreadPoolExecutor.java:1136)
at java.base/java.util.concurrent.ThreadPoolExecutor$Worker.run(ThreadPoolExecutor.java:635)
at java.base/java.lang.Thread.run(Thread.java:833)
... Removed 15 stack frames]]>
    </failure>
  </testcase> <!-- cosinusTest -->
  <testcase classname="com.epam.calculator.tests.CtgTest" name="cotangentTest" time="0.001">
    <failure type="java.lang.AssertionError" message="Number to evaluate was -12.0; did not expect to find [1.572673] but found [-0.9999999999244973]">
      <![CDATA[java.lang.AssertionError: Number to evaluate was -12.0; did not expect to find [1.572673] but found [-0.9999999999244973]
at com.epam.calculator.tests.CtgTest.cotangentTest(CtgTest.java:11)
at java.base/java.util.concurrent.ThreadPoolExecutor.runWorker(ThreadPoolExecutor.java:1136)
at java.base/java.util.concurrent.ThreadPoolExecutor$Worker.run(ThreadPoolExecutor.java:635)
at java.base/java.lang.Thread.run(Thread.java:833)
... Removed 15 stack frames]]>
    </failure>
  </testcase> <!-- cotangentTest -->
  <testcase classname="com.epam.calculator.tests.CosTest" name="cosinusTest" time="0.001">
    <failure type="java.lang.AssertionError" message="Number to evaluate was 180.0; did not expect to find [-0.5984600690578581] but found [-0.8011526357338304]">
      <![CDATA[java.lang.AssertionError: Number to evaluate was 180.0; did not expect to find [-0.5984600690578581] but found [-0.8011526357338304]
at com.epam.calculator.tests.CosTest.cosinusTest(CosTest.java:11)
at java.base/java.util.concurrent.ThreadPoolExecutor.runWorker(ThreadPoolExecutor.java:1136)
at java.base/java.util.concurrent.ThreadPoolExecutor$Worker.run(ThreadPoolExecutor.java:635)
at java.base/java.lang.Thread.run(Thread.java:833)
... Removed 15 stack frames]]>
    </failure>
  </testcase> <!-- cosinusTest -->
  <testcase classname="com.epam.calculator.tests.CtgTest" name="cotangentTest" time="0.001">
    <failure type="java.lang.AssertionError" message="Number to evaluate was 0.0; did not expect to find [Infinity] but found [0.0]">
      <![CDATA[java.lang.AssertionError: Number to evaluate was 0.0; did not expect to find [Infinity] but found [0.0]
at com.epam.calculator.tests.CtgTest.cotangentTest(CtgTest.java:11)
at java.base/java.util.concurrent.ThreadPoolExecutor.runWorker(ThreadPoolExecutor.java:1136)
at java.base/java.util.concurrent.ThreadPoolExecutor$Worker.run(ThreadPoolExecutor.java:635)
at java.base/java.lang.Thread.run(Thread.java:833)
... Removed 15 stack frames]]>
    </failure>
  </testcase> <!-- cotangentTest -->
  <testcase classname="com.epam.calculator.tests.CosTest" name="cosinusTest" time="0.0">
    <failure type="java.lang.AssertionError" message="Number to evaluate was 100.0; did not expect to find [0.8623188722876839] but found [-0.5063656411097588]">
      <![CDATA[java.lang.AssertionError: Number to evaluate was 100.0; did not expect to find [0.8623188722876839] but found [-0.5063656411097588]
at com.epam.calculator.tests.CosTest.cosinusTest(CosTest.java:11)
at java.base/java.util.concurrent.ThreadPoolExecutor.runWorker(ThreadPoolExecutor.java:1136)
at java.base/java.util.concurrent.ThreadPoolExecutor$Worker.run(ThreadPoolExecutor.java:635)
at java.base/java.lang.Thread.run(Thread.java:833)
... Removed 15 stack frames]]>
    </failure>
  </testcase> <!-- cosinusTest -->
  <testcase classname="com.epam.calculator.tests.CtgTest" name="cotangentTest" time="0.0">
    <failure type="java.lang.AssertionError" message="Number to evaluate was -360.0; did not expect to find [0.295846] but found [-1.0]">
      <![CDATA[java.lang.AssertionError: Number to evaluate was -360.0; did not expect to find [0.295846] but found [-1.0]
at com.epam.calculator.tests.CtgTest.cotangentTest(CtgTest.java:11)
at java.base/java.util.concurrent.ThreadPoolExecutor.runWorker(ThreadPoolExecutor.java:1136)
at java.base/java.util.concurrent.ThreadPoolExecutor$Worker.run(ThreadPoolExecutor.java:635)
at java.base/java.lang.Thread.run(Thread.java:833)
... Removed 15 stack frames]]>
    </failure>
  </testcase> <!-- cotangentTest -->
  <testcase classname="com.epam.calculator.tests.CosTest" name="cosinusTest" time="0.0">
    <failure type="java.lang.AssertionError" message="Number to evaluate was -1.0; did not expect to find [0.5403023058681398] but found [-0.8414709848078965]">
      <![CDATA[java.lang.AssertionError: Number to evaluate was -1.0; did not expect to find [0.5403023058681398] but found [-0.8414709848078965]
at com.epam.calculator.tests.CosTest.cosinusTest(CosTest.java:11)
at java.base/java.util.concurrent.ThreadPoolExecutor.runWorker(ThreadPoolExecutor.java:1136)
at java.base/java.util.concurrent.ThreadPoolExecutor$Worker.run(ThreadPoolExecutor.java:635)
at java.base/java.lang.Thread.run(Thread.java:833)
... Removed 15 stack frames]]>
    </failure>
  </testcase> <!-- cosinusTest -->
  <testcase classname="com.epam.calculator.tests.SinTest" name="cosinusTest" time="0.001"/>
  <testcase classname="com.epam.calculator.tests.CosTest" name="cosinusTest" time="0.001">
    <failure type="java.lang.AssertionError" message="Number to evaluate was -243.0; did not expect to find [-0.4559422758951242] but found [0.8900093488562771]">
      <![CDATA[java.lang.AssertionError: Number to evaluate was -243.0; did not expect to find [-0.4559422758951242] but found [0.8900093488562771]
at com.epam.calculator.tests.CosTest.cosinusTest(CosTest.java:11)
at java.base/java.util.concurrent.ThreadPoolExecutor.runWorker(ThreadPoolExecutor.java:1136)
at java.base/java.util.concurrent.ThreadPoolExecutor$Worker.run(ThreadPoolExecutor.java:635)
at java.base/java.lang.Thread.run(Thread.java:833)
... Removed 15 stack frames]]>
    </failure>
  </testcase> <!-- cosinusTest -->
  <testcase classname="com.epam.calculator.tests.SinTest" name="cosinusTest" time="0.0"/>
  <testcase classname="com.epam.calculator.tests.CosTest" name="cosinusTest" time="0.001">
    <failure type="java.lang.AssertionError" message="Number to evaluate was -360.0; did not expect to find [-0.2836910914865273] but found [-0.9589157234143065]">
      <![CDATA[java.lang.AssertionError: Number to evaluate was -360.0; did not expect to find [-0.2836910914865273] but found [-0.9589157234143065]
at com.epam.calculator.tests.CosTest.cosinusTest(CosTest.java:11)
at java.base/java.util.concurrent.ThreadPoolExecutor.runWorker(ThreadPoolExecutor.java:1136)
at java.base/java.util.concurrent.ThreadPoolExecutor$Worker.run(ThreadPoolExecutor.java:635)
at java.base/java.lang.Thread.run(Thread.java:833)
... Removed 15 stack frames]]>
    </failure>
  </testcase> <!-- cosinusTest -->
  <testcase classname="com.epam.calculator.tests.SinTest" name="cosinusTest" time="0.001"/>
  <testcase classname="com.epam.calculator.tests.SinTest" name="cosinusTest" time="0.0"/>
  <testcase classname="com.epam.calculator.tests.TgTest" name="tangentTest" time="0.001">
    <failure type="java.lang.AssertionError" message="Number to evaluate was 1.0; did not expect to find [1.5574077246549023] but found [1.0]">
      <![CDATA[java.lang.AssertionError: Number to evaluate was 1.0; did not expect to find [1.5574077246549023] but found [1.0]
at com.epam.calculator.tests.TgTest.tangentTest(TgTest.java:11)
at java.base/java.util.concurrent.ThreadPoolExecutor.runWorker(ThreadPoolExecutor.java:1136)
at java.base/java.util.concurrent.ThreadPoolExecutor$Worker.run(ThreadPoolExecutor.java:635)
at java.base/java.lang.Thread.run(Thread.java:833)
... Removed 15 stack frames]]>
    </failure>
  </testcase> <!-- tangentTest -->
  <testcase classname="com.epam.calculator.tests.SinTest" name="cosinusTest" time="0.0"/>
  <testcase classname="com.epam.calculator.tests.TgTest" name="tangentTest" time="0.001">
    <failure type="java.lang.AssertionError" message="Number to evaluate was 360.0; did not expect to find [-3.380140413960958] but found [1.0]">
      <![CDATA[java.lang.AssertionError: Number to evaluate was 360.0; did not expect to find [-3.380140413960958] but found [1.0]
at com.epam.calculator.tests.TgTest.tangentTest(TgTest.java:11)
at java.base/java.util.concurrent.ThreadPoolExecutor.runWorker(ThreadPoolExecutor.java:1136)
at java.base/java.util.concurrent.ThreadPoolExecutor$Worker.run(ThreadPoolExecutor.java:635)
at java.base/java.lang.Thread.run(Thread.java:833)
... Removed 15 stack frames]]>
    </failure>
  </testcase> <!-- tangentTest -->
  <testcase classname="com.epam.calculator.tests.SinTest" name="cosinusTest" time="0.002"/>
  <testcase classname="com.epam.calculator.tests.TgTest" name="tangentTest" time="0.0">
    <failure type="java.lang.AssertionError" message="Number to evaluate was -12.0; did not expect to find [0.6358599286615808] but found [1.0]">
      <![CDATA[java.lang.AssertionError: Number to evaluate was -12.0; did not expect to find [0.6358599286615808] but found [1.0]
at com.epam.calculator.tests.TgTest.tangentTest(TgTest.java:11)
at java.base/java.util.concurrent.ThreadPoolExecutor.runWorker(ThreadPoolExecutor.java:1136)
at java.base/java.util.concurrent.ThreadPoolExecutor$Worker.run(ThreadPoolExecutor.java:635)
at java.base/java.lang.Thread.run(Thread.java:833)
... Removed 15 stack frames]]>
    </failure>
  </testcase> <!-- tangentTest -->
  <testcase classname="com.epam.calculator.tests.SinTest" name="cosinusTest" time="0.0"/>
  <testcase classname="com.epam.calculator.tests.TgTest" name="tangentTest" time="0.0">
    <failure type="java.lang.AssertionError" message="Number to evaluate was 0.0; did not expect to find [0.0] but found [NaN]">
      <![CDATA[java.lang.AssertionError: Number to evaluate was 0.0; did not expect to find [0.0] but found [NaN]
at com.epam.calculator.tests.TgTest.tangentTest(TgTest.java:11)
at java.base/java.util.concurrent.ThreadPoolExecutor.runWorker(ThreadPoolExecutor.java:1136)
at java.base/java.util.concurrent.ThreadPoolExecutor$Worker.run(ThreadPoolExecutor.java:635)
at java.base/java.lang.Thread.run(Thread.java:833)
... Removed 15 stack frames]]>
    </failure>
  </testcase> <!-- tangentTest -->
  <testcase classname="com.epam.calculator.tests.TgTest" name="tangentTest" time="0.001">
    <failure type="java.lang.AssertionError" message="Number to evaluate was -360.0; did not expect to find [3.380140413960958] but found [1.0]">
      <![CDATA[java.lang.AssertionError: Number to evaluate was -360.0; did not expect to find [3.380140413960958] but found [1.0]
at com.epam.calculator.tests.TgTest.tangentTest(TgTest.java:11)
at java.base/java.util.concurrent.ThreadPoolExecutor.runWorker(ThreadPoolExecutor.java:1136)
at java.base/java.util.concurrent.ThreadPoolExecutor$Worker.run(ThreadPoolExecutor.java:635)
at java.base/java.lang.Thread.run(Thread.java:833)
... Removed 15 stack frames]]>
    </failure>
  </testcase> <!-- tangentTest -->
  <testcase classname="com.epam.calculator.tests.SubWithLongTest" name="subWithDoubleTest" time="0.0">
    <ignored/>
  </testcase> <!-- subWithDoubleTest -->
  <testcase classname="com.epam.calculator.tests.MultWithDoubleTest" name="multWithDoubleTest" time="0.0">
    <ignored/>
  </testcase> <!-- multWithDoubleTest -->
  <testcase classname="com.epam.calculator.tests.PowTest" name="powerTest" time="0.0">
    <ignored/>
  </testcase> <!-- powerTest -->
  <testcase classname="com.epam.calculator.tests.SubWithDoubleTest" name="subWithDoubleTest" time="0.0">
    <ignored/>
  </testcase> <!-- subWithDoubleTest -->
  <testcase classname="com.epam.calculator.tests.SumWithLongTest" name="sumWithDoubleTest" time="0.0">
    <ignored/>
  </testcase> <!-- sumWithDoubleTest -->
  <testcase classname="com.epam.calculator.tests.DivWithDoubleTest" name="divWithDoubleTest" time="0.0">
    <ignored/>
  </testcase> <!-- divWithDoubleTest -->
  <testcase classname="com.epam.calculator.tests.IsNegativeTest" name="isNegativeTest" time="0.0">
    <ignored/>
  </testcase> <!-- isNegativeTest -->
  <testcase classname="com.epam.calculator.tests.IsPositiveTest" name="isPositiveTest" time="0.0">
    <ignored/>
  </testcase> <!-- isPositiveTest -->
  <testcase classname="com.epam.calculator.tests.DivWithLongTest" name="divWithLongTest" time="0.0">
    <ignored/>
  </testcase> <!-- divWithLongTest -->
  <testcase classname="com.epam.calculator.tests.MultWithLongTest" name="multWithLongTest" time="0.0">
    <ignored/>
  </testcase> <!-- multWithLongTest -->
  <testcase classname="com.epam.calculator.tests.SqrtTest" name="squareRootTest" time="0.0">
    <ignored/>
  </testcase> <!-- squareRootTest -->
  <testcase classname="com.epam.calculator.tests.SumWithDoubleTest" name="sumWithDoubleTest" time="0.0">
    <ignored/>
  </testcase> <!-- sumWithDoubleTest -->
</testsuite> <!-- Trigonometric Functions -->
