<?xml version="1.0" encoding="UTF-8"?>
<!-- Generated by org.testng.reporters.JUnitReportReporter -->
<testsuite hostname="EPUAODEW00BA" failures="1" tests="6" name="com.epam.calculator.tests.SqrtTest" time="0.005" errors="0" timestamp="2022-09-26T12:36:28 EEST" skipped="0">
  <testcase classname="com.epam.calculator.tests.SqrtTest" name="squareRootTest" time="0.001"/>
  <testcase classname="com.epam.calculator.tests.SqrtTest" name="squareRootTest" time="0.001"/>
  <testcase classname="com.epam.calculator.tests.SqrtTest" name="squareRootTest" time="0.001"/>
  <testcase classname="com.epam.calculator.tests.SqrtTest" name="squareRootTest" time="0.000"/>
  <testcase classname="com.epam.calculator.tests.SqrtTest" name="squareRootTest" time="0.001">
    <failure message="Number to evaluate was -1.0; did not expect to find [NaN] but found [1.0]" type="java.lang.AssertionError">
      <![CDATA[java.lang.AssertionError: Number to evaluate was -1.0; did not expect to find [NaN] but found [1.0]
at org.testng.Assert.fail(Assert.java:97)
at org.testng.Assert.failNotEquals(Assert.java:969)
at org.testng.Assert.assertEquals(Assert.java:637)
at com.epam.calculator.tests.SqrtTest.squareRootTest(SqrtTest.java:11)
at java.base/jdk.internal.reflect.NativeMethodAccessorImpl.invoke0(Native Method)
at java.base/jdk.internal.reflect.NativeMethodAccessorImpl.invoke(NativeMethodAccessorImpl.java:77)
at java.base/jdk.internal.reflect.DelegatingMethodAccessorImpl.invoke(DelegatingMethodAccessorImpl.java:43)
at java.base/java.lang.reflect.Method.invoke(Method.java:568)
at org.testng.internal.MethodInvocationHelper.invokeMethod(MethodInvocationHelper.java:133)
at org.testng.internal.TestInvoker.invokeMethod(TestInvoker.java:584)
at org.testng.internal.TestInvoker.invokeTestMethod(TestInvoker.java:172)
at org.testng.internal.MethodRunner.runInSequence(MethodRunner.java:46)
at org.testng.internal.TestInvoker$MethodInvocationAgent.invoke(TestInvoker.java:804)
at org.testng.internal.TestInvoker.invokeTestMethods(TestInvoker.java:145)
at org.testng.internal.TestMethodWorker.invokeTestMethods(TestMethodWorker.java:146)
at org.testng.internal.TestMethodWorker.run(TestMethodWorker.java:128)
at java.base/java.util.concurrent.ThreadPoolExecutor.runWorker(ThreadPoolExecutor.java:1136)
at java.base/java.util.concurrent.ThreadPoolExecutor$Worker.run(ThreadPoolExecutor.java:635)
at java.base/java.lang.Thread.run(Thread.java:833)
]]>
    </failure>
  </testcase> <!-- squareRootTest -->
  <testcase classname="com.epam.calculator.tests.SqrtTest" name="squareRootTest" time="0.001"/>
</testsuite> <!-- com.epam.calculator.tests.SqrtTest -->
